<?xml version="1.0" encoding="UTF-8"?>
<!-- Generated by org.testng.reporters.JUnitXMLReporter -->
<testsuite ignored="0" hostname="Braces" failures="0" tests="32" name="Unit and Integration Tests" time="0.88" errors="0" timestamp="2026-03-03T23:09:09 GMT+07:00">
  <testcase classname="braces.util.BCryptTest" name="testCompare_Failure" time="0.104"/>
  <testcase classname="braces.util.BCryptTest" name="testCompare_Success" time="0.052"/>
  <testcase classname="braces.controller.TaiKhoanControllerTest" name="testGetRoleText_Admin" time="0.001"/>
  <testcase classname="braces.controller.TaiKhoanControllerTest" name="testGetRoleText_NhanVien" time="0.0"/>
  <testcase classname="braces.controller.TaiKhoanControllerTest" name="testGetRole_Default" time="0.0"/>
  <testcase classname="braces.controller.TaiKhoanControllerTest" name="testGetSearchTable_SearchName" time="0.013"/>
  <testcase classname="braces.controller.TaiKhoanControllerTest" name="testGetSearchTable_SearchRole" time="0.001"/>
  <testcase classname="braces.controller.TaiKhoanControllerTest" name="testGetTrangThaiText_HoatDong" time="0.0"/>
  <testcase classname="braces.controller.TaiKhoanControllerTest" name="testGetTrangThaiText_KhongHoatDong" time="0.0"/>
  <testcase classname="braces.controller.TaiKhoanControllerTest" name="testGetTrangThai_HoatDong" time="0.0"/>
  <testcase classname="braces.controller.TaiKhoanControllerTest" name="testSave_Account" time="0.011"/>
  <testcase classname="braces.dao.SanPhamDAOTest" name="testDeleteById" time="0.031"/>
  <testcase classname="braces.dao.SanPhamDAOTest" name="testFindAll_Retrieve" time="0.014"/>
  <testcase classname="braces.dao.SanPhamDAOTest" name="testFindByKhuVuc_Filter" time="0.001"/>
  <testcase classname="braces.dao.SanPhamDAOTest" name="testSave_NewProduct" time="0.002"/>
  <testcase classname="braces.util.FormatterTest" name="testFormatNumber_LargeNumber" time="0.0"/>
  <testcase classname="braces.util.FormatterTest" name="testFormatVND_Standard" time="0.0"/>
  <testcase classname="braces.util.FormatterTest" name="testUnformatVND_Standard" time="0.001"/>
  <testcase classname="braces.util.ValidationTest" name="testIsEmail_Invalid" time="0.0"/>
  <testcase classname="braces.util.ValidationTest" name="testIsEmail_Valid" time="0.001"/>
  <testcase classname="braces.util.ValidationTest" name="testIsEmpty_Null" time="0.0"/>
  <testcase classname="braces.util.ValidationTest" name="testIsEmpty_NullInput" time="0.0"/>
  <testcase classname="braces.util.ValidationTest" name="testIsEmpty_Valid" time="0.0"/>
  <testcase classname="braces.util.ValidationTest" name="testIsEmpty_Whitespace" time="0.0"/>
  <testcase classname="braces.util.ValidationTest" name="testIsNumber_InvalidString" time="0.001"/>
  <testcase classname="braces.util.ValidationTest" name="testIsNumber_Negative" time="0.001"/>
  <testcase classname="braces.util.ValidationTest" name="testIsNumber_Valid" time="0.0"/>
  <testcase classname="braces.util.ValidationTest" name="testIsPassword_NoDigit" time="0.001"/>
  <testcase classname="braces.util.ValidationTest" name="testIsPassword_TooShort" time="0.0"/>
  <testcase classname="braces.util.ValidationTest" name="testIsPassword_Valid" time="0.001"/>
  <testcase classname="braces.util.ValidationTest" name="testIsPhoneNumber_InvalidLength" time="0.0"/>
  <testcase classname="braces.util.ValidationTest" name="testIsPhoneNumber_Valid10Digits" time="0.0"/>
</testsuite> <!-- Unit and Integration Tests -->
