<?xml version="1.0" encoding="UTF-8"?>
<!-- Generated by org.testng.reporters.JUnitXMLReporter -->
<testsuite ignored="0" hostname="Braces" failures="4" tests="32" name="Unit and Integration Tests" time="0.708" errors="0" timestamp="2026-03-03T22:59:00 GMT+07:00">
  <testcase classname="braces.controller.TaiKhoanControllerTest" name="@BeforeMethod setUp" time="0.473">
    <failure type="org.mockito.exceptions.base.MockitoException" message="
Mockito cannot mock this class: interface braces.dao.TaiKhoanDAO.

If you&amp;apos;re not sure why you&amp;apos;re getting this error, please open an issue on GitHub.


Java               : 23
JVM vendor name    : Amazon.com Inc.
JVM vendor version : 23.0.2+7-FR
JVM name           : OpenJDK 64-Bit Server VM
JVM version        : 23.0.2+7-FR
JVM info           : mixed mode, sharing
OS name            : Windows 11
OS version         : 10.0


You are seeing this disclaimer because Mockito is configured to create inlined mocks.
You can learn about inline mocks and their limitations under item #39 of the Mockito class javadoc.

Underlying exception : org.mockito.exceptions.base.MockitoException: Could not modify all classes [interface braces.dao.TaiKhoanDAO, interface braces.dao.BaseDAO]">
      <![CDATA[org.mockito.exceptions.base.MockitoException: 
Mockito cannot mock this class: interface braces.dao.TaiKhoanDAO.

If you're not sure why you're getting this error, please open an issue on GitHub.


Java               : 23
JVM vendor name    : Amazon.com Inc.
JVM vendor version : 23.0.2+7-FR
JVM name           : OpenJDK 64-Bit Server VM
JVM version        : 23.0.2+7-FR
JVM info           : mixed mode, sharing
OS name            : Windows 11
OS version         : 10.0


You are seeing this disclaimer because Mockito is configured to create inlined mocks.
You can learn about inline mocks and their limitations under item #39 of the Mockito class javadoc.

Underlying exception : org.mockito.exceptions.base.MockitoException: Could not modify all classes [interface braces.dao.TaiKhoanDAO, interface braces.dao.BaseDAO]
at braces.controller.TaiKhoanControllerTest.setUp(TaiKhoanControllerTest.java:24)
at java.base/java.util.ArrayList.forEach(ArrayList.java:1597)
Caused by: org.mockito.exceptions.base.MockitoException: Could not modify all classes [interface braces.dao.TaiKhoanDAO, interface braces.dao.BaseDAO]
at net.bytebuddy.TypeCache.findOrInsert(TypeCache.java:168)
at net.bytebuddy.TypeCache$WithInlineExpunction.findOrInsert(TypeCache.java:399)
at net.bytebuddy.TypeCache.findOrInsert(TypeCache.java:190)
at net.bytebuddy.TypeCache$WithInlineExpunction.findOrInsert(TypeCache.java:410)
... 35 more
Caused by: java.lang.IllegalStateException: 
Byte Buddy could not instrument all classes within the mock's type hierarchy

This problem should never occur for javac-compiled classes. This problem has been observed for classes that are:
 - Compiled by older versions of scalac
 - Classes that are part of the Android distribution
at org.mockito.internal.creation.bytebuddy.InlineBytecodeGenerator.triggerRetransformation(InlineBytecodeGenerator.java:285)
at org.mockito.internal.creation.bytebuddy.InlineBytecodeGenerator.mockClass(InlineBytecodeGenerator.java:218)
at org.mockito.internal.creation.bytebuddy.TypeCachingBytecodeGenerator.lambda$mockClass$0(TypeCachingBytecodeGenerator.java:78)
at net.bytebuddy.TypeCache.findOrInsert(TypeCache.java:168)
at net.bytebuddy.TypeCache$WithInlineExpunction.findOrInsert(TypeCache.java:399)
at net.bytebuddy.TypeCache.findOrInsert(TypeCache.java:190)
at net.bytebuddy.TypeCache$WithInlineExpunction.findOrInsert(TypeCache.java:410)
at org.mockito.internal.creation.bytebuddy.TypeCachingBytecodeGenerator.mockClass(TypeCachingBytecodeGenerator.java:75)
at org.mockito.internal.creation.bytebuddy.InlineDelegateByteBuddyMockMaker.createMockType(InlineDelegateByteBuddyMockMaker.java:396)
at org.mockito.internal.creation.bytebuddy.InlineDelegateByteBuddyMockMaker.doCreateMock(InlineDelegateByteBuddyMockMaker.java:355)
at org.mockito.internal.creation.bytebuddy.InlineDelegateByteBuddyMockMaker.createMock(InlineDelegateByteBuddyMockMaker.java:334)
at org.mockito.internal.creation.bytebuddy.InlineByteBuddyMockMaker.createMock(InlineByteBuddyMockMaker.java:56)
at org.mockito.internal.util.MockUtil.createMock(MockUtil.java:99)
at org.mockito.internal.MockitoCore.mock(MockitoCore.java:88)
at org.mockito.Mockito.mock(Mockito.java:2101)
at org.mockito.Mockito.mock(Mockito.java:2016)
... 35 more
Caused by: java.lang.IllegalArgumentException: Java 23 (67) is not supported by the current version of Byte Buddy which officially supports Java 21 (65) - update Byte Buddy or set net.bytebuddy.experimental as a VM property
at net.bytebuddy.utility.OpenedClassReader.of(OpenedClassReader.java:96)
at net.bytebuddy.dynamic.scaffold.TypeWriter$Default$ForInlining.create(TypeWriter.java:4011)
at net.bytebuddy.dynamic.scaffold.TypeWriter$Default.make(TypeWriter.java:2224)
at net.bytebuddy.dynamic.DynamicType$Builder$AbstractBase$UsingTypeWriter.make(DynamicType.java:4055)
at net.bytebuddy.dynamic.DynamicType$Builder$AbstractBase.make(DynamicType.java:3739)
at org.mockito.internal.creation.bytebuddy.InlineBytecodeGenerator.transform(InlineBytecodeGenerator.java:402)
at java.instrument/java.lang.instrument.ClassFileTransformer.transform(ClassFileTransformer.java:242)
at java.instrument/sun.instrument.TransformerManager.transform(TransformerManager.java:188)
at java.instrument/sun.instrument.InstrumentationImpl.transform(InstrumentationImpl.java:610)
at java.instrument/sun.instrument.InstrumentationImpl.retransformClasses0(Native Method)
at java.instrument/sun.instrument.InstrumentationImpl.retransformClasses(InstrumentationImpl.java:225)
at org.mockito.internal.creation.bytebuddy.InlineBytecodeGenerator.triggerRetransformation(InlineBytecodeGenerator.java:281)
... 50 more
... Removed 33 stack frames]]>
    </failure>
  </testcase> <!-- @BeforeMethod setUp -->
  <testcase classname="braces.controller.TaiKhoanControllerTest" name="@BeforeMethod setUp" time="0.0">
    <skipped/>
  </testcase> <!-- @BeforeMethod setUp -->
  <testcase classname="braces.controller.TaiKhoanControllerTest" name="@BeforeMethod setUp" time="0.0">
    <skipped/>
  </testcase> <!-- @BeforeMethod setUp -->
  <testcase classname="braces.controller.TaiKhoanControllerTest" name="@BeforeMethod setUp" time="0.0">
    <skipped/>
  </testcase> <!-- @BeforeMethod setUp -->
  <testcase classname="braces.controller.TaiKhoanControllerTest" name="@BeforeMethod setUp" time="0.0">
    <skipped/>
  </testcase> <!-- @BeforeMethod setUp -->
  <testcase classname="braces.controller.TaiKhoanControllerTest" name="@BeforeMethod setUp" time="0.0">
    <skipped/>
  </testcase> <!-- @BeforeMethod setUp -->
  <testcase classname="braces.controller.TaiKhoanControllerTest" name="@BeforeMethod setUp" time="0.0">
    <skipped/>
  </testcase> <!-- @BeforeMethod setUp -->
  <testcase classname="braces.controller.TaiKhoanControllerTest" name="@BeforeMethod setUp" time="0.0">
    <skipped/>
  </testcase> <!-- @BeforeMethod setUp -->
  <testcase classname="braces.controller.TaiKhoanControllerTest" name="@BeforeMethod setUp" time="0.0">
    <skipped/>
  </testcase> <!-- @BeforeMethod setUp -->
  <testcase classname="braces.util.BCryptTest" name="testCompare_Failure" time="0.093"/>
  <testcase classname="braces.util.BCryptTest" name="testCompare_Success" time="0.053"/>
  <testcase classname="braces.controller.TaiKhoanControllerTest" name="testGetRoleText_Admin" time="0.0">
    <skipped/>
  </testcase> <!-- testGetRoleText_Admin -->
  <testcase classname="braces.controller.TaiKhoanControllerTest" name="testGetRoleText_NhanVien" time="0.0">
    <skipped/>
  </testcase> <!-- testGetRoleText_NhanVien -->
  <testcase classname="braces.controller.TaiKhoanControllerTest" name="testGetRole_Default" time="0.0">
    <skipped/>
  </testcase> <!-- testGetRole_Default -->
  <testcase classname="braces.controller.TaiKhoanControllerTest" name="testGetSearchTable_SearchName" time="0.0">
    <skipped/>
  </testcase> <!-- testGetSearchTable_SearchName -->
  <testcase classname="braces.controller.TaiKhoanControllerTest" name="testGetSearchTable_SearchRole" time="0.0">
    <skipped/>
  </testcase> <!-- testGetSearchTable_SearchRole -->
  <testcase classname="braces.controller.TaiKhoanControllerTest" name="testGetTrangThaiText_HoatDong" time="0.0">
    <skipped/>
  </testcase> <!-- testGetTrangThaiText_HoatDong -->
  <testcase classname="braces.controller.TaiKhoanControllerTest" name="testGetTrangThaiText_KhongHoatDong" time="0.0">
    <skipped/>
  </testcase> <!-- testGetTrangThaiText_KhongHoatDong -->
  <testcase classname="braces.controller.TaiKhoanControllerTest" name="testGetTrangThai_HoatDong" time="0.0">
    <skipped/>
  </testcase> <!-- testGetTrangThai_HoatDong -->
  <testcase classname="braces.controller.TaiKhoanControllerTest" name="testSave_Account" time="0.0">
    <skipped/>
  </testcase> <!-- testSave_Account -->
  <testcase classname="braces.dao.SanPhamDAOTest" name="testDeleteById" time="0.012">
    <failure type="org.mockito.exceptions.base.MockitoException" message="Could not modify all classes [class braces.util.XJdbc]">
      <![CDATA[org.mockito.exceptions.base.MockitoException: Could not modify all classes [class braces.util.XJdbc]
at braces.dao.SanPhamDAOTest.testDeleteById(SanPhamDAOTest.java:87)
at java.base/java.util.ArrayList.forEach(ArrayList.java:1597)
Caused by: java.lang.IllegalStateException: 
Byte Buddy could not instrument all classes within the mock's type hierarchy

This problem should never occur for javac-compiled classes. This problem has been observed for classes that are:
 - Compiled by older versions of scalac
 - Classes that are part of the Android distribution
at org.mockito.internal.creation.bytebuddy.InlineBytecodeGenerator.triggerRetransformation(InlineBytecodeGenerator.java:285)
at org.mockito.internal.creation.bytebuddy.InlineBytecodeGenerator.mockClassStatic(InlineBytecodeGenerator.java:226)
at org.mockito.internal.creation.bytebuddy.TypeCachingBytecodeGenerator.mockClassStatic(TypeCachingBytecodeGenerator.java:108)
at org.mockito.internal.creation.bytebuddy.InlineDelegateByteBuddyMockMaker.createStaticMock(InlineDelegateByteBuddyMockMaker.java:566)
at org.mockito.internal.creation.bytebuddy.InlineByteBuddyMockMaker.createStaticMock(InlineByteBuddyMockMaker.java:83)
at org.mockito.internal.util.MockUtil.createStaticMock(MockUtil.java:202)
at org.mockito.internal.MockitoCore.mockStatic(MockitoCore.java:134)
at org.mockito.Mockito.mockStatic(Mockito.java:2325)
at org.mockito.Mockito.mockStatic(Mockito.java:2262)
... 31 more
Caused by: java.lang.IllegalArgumentException: Java 23 (67) is not supported by the current version of Byte Buddy which officially supports Java 21 (65) - update Byte Buddy or set net.bytebuddy.experimental as a VM property
at net.bytebuddy.utility.OpenedClassReader.of(OpenedClassReader.java:96)
at net.bytebuddy.dynamic.scaffold.TypeWriter$Default$ForInlining.create(TypeWriter.java:4011)
at net.bytebuddy.dynamic.scaffold.TypeWriter$Default.make(TypeWriter.java:2224)
at net.bytebuddy.dynamic.DynamicType$Builder$AbstractBase$UsingTypeWriter.make(DynamicType.java:4055)
at net.bytebuddy.dynamic.DynamicType$Builder$AbstractBase.make(DynamicType.java:3739)
at org.mockito.internal.creation.bytebuddy.InlineBytecodeGenerator.transform(InlineBytecodeGenerator.java:402)
at java.instrument/java.lang.instrument.ClassFileTransformer.transform(ClassFileTransformer.java:242)
at java.instrument/sun.instrument.TransformerManager.transform(TransformerManager.java:188)
at java.instrument/sun.instrument.InstrumentationImpl.transform(InstrumentationImpl.java:610)
at java.instrument/sun.instrument.InstrumentationImpl.retransformClasses0(Native Method)
at java.instrument/sun.instrument.InstrumentationImpl.retransformClasses(InstrumentationImpl.java:225)
at org.mockito.internal.creation.bytebuddy.InlineBytecodeGenerator.triggerRetransformation(InlineBytecodeGenerator.java:281)
... 39 more
... Removed 29 stack frames]]>
    </failure>
  </testcase> <!-- testDeleteById -->
  <testcase classname="braces.dao.SanPhamDAOTest" name="testFindAll_Retrieve" time="0.007">
    <failure type="org.mockito.exceptions.base.MockitoException" message="Could not modify all classes [class braces.util.XQuery]">
      <![CDATA[org.mockito.exceptions.base.MockitoException: Could not modify all classes [class braces.util.XQuery]
at braces.dao.SanPhamDAOTest.testFindAll_Retrieve(SanPhamDAOTest.java:22)
at java.base/java.util.ArrayList.forEach(ArrayList.java:1597)
Caused by: java.lang.IllegalStateException: 
Byte Buddy could not instrument all classes within the mock's type hierarchy

This problem should never occur for javac-compiled classes. This problem has been observed for classes that are:
 - Compiled by older versions of scalac
 - Classes that are part of the Android distribution
at org.mockito.internal.creation.bytebuddy.InlineBytecodeGenerator.triggerRetransformation(InlineBytecodeGenerator.java:285)
at org.mockito.internal.creation.bytebuddy.InlineBytecodeGenerator.mockClassStatic(InlineBytecodeGenerator.java:226)
at org.mockito.internal.creation.bytebuddy.TypeCachingBytecodeGenerator.mockClassStatic(TypeCachingBytecodeGenerator.java:108)
at org.mockito.internal.creation.bytebuddy.InlineDelegateByteBuddyMockMaker.createStaticMock(InlineDelegateByteBuddyMockMaker.java:566)
at org.mockito.internal.creation.bytebuddy.InlineByteBuddyMockMaker.createStaticMock(InlineByteBuddyMockMaker.java:83)
at org.mockito.internal.util.MockUtil.createStaticMock(MockUtil.java:202)
at org.mockito.internal.MockitoCore.mockStatic(MockitoCore.java:134)
at org.mockito.Mockito.mockStatic(Mockito.java:2325)
at org.mockito.Mockito.mockStatic(Mockito.java:2262)
... 31 more
Caused by: java.lang.IllegalArgumentException: Java 23 (67) is not supported by the current version of Byte Buddy which officially supports Java 21 (65) - update Byte Buddy or set net.bytebuddy.experimental as a VM property
at net.bytebuddy.utility.OpenedClassReader.of(OpenedClassReader.java:96)
at net.bytebuddy.dynamic.scaffold.TypeWriter$Default$ForInlining.create(TypeWriter.java:4011)
at net.bytebuddy.dynamic.scaffold.TypeWriter$Default.make(TypeWriter.java:2224)
at net.bytebuddy.dynamic.DynamicType$Builder$AbstractBase$UsingTypeWriter.make(DynamicType.java:4055)
at net.bytebuddy.dynamic.DynamicType$Builder$AbstractBase.make(DynamicType.java:3739)
at org.mockito.internal.creation.bytebuddy.InlineBytecodeGenerator.transform(InlineBytecodeGenerator.java:402)
at java.instrument/java.lang.instrument.ClassFileTransformer.transform(ClassFileTransformer.java:242)
at java.instrument/sun.instrument.TransformerManager.transform(TransformerManager.java:188)
at java.instrument/sun.instrument.InstrumentationImpl.transform(InstrumentationImpl.java:610)
at java.instrument/sun.instrument.InstrumentationImpl.retransformClasses0(Native Method)
at java.instrument/sun.instrument.InstrumentationImpl.retransformClasses(InstrumentationImpl.java:225)
at org.mockito.internal.creation.bytebuddy.InlineBytecodeGenerator.triggerRetransformation(InlineBytecodeGenerator.java:281)
... 39 more
... Removed 29 stack frames]]>
    </failure>
  </testcase> <!-- testFindAll_Retrieve -->
  <testcase classname="braces.dao.SanPhamDAOTest" name="testFindByKhuVuc_Filter" time="0.008">
    <failure type="org.mockito.exceptions.base.MockitoException" message="Could not modify all classes [class braces.util.XQuery]">
      <![CDATA[org.mockito.exceptions.base.MockitoException: Could not modify all classes [class braces.util.XQuery]
at braces.dao.SanPhamDAOTest.testFindByKhuVuc_Filter(SanPhamDAOTest.java:48)
at java.base/java.util.ArrayList.forEach(ArrayList.java:1597)
Caused by: java.lang.IllegalStateException: 
Byte Buddy could not instrument all classes within the mock's type hierarchy

This problem should never occur for javac-compiled classes. This problem has been observed for classes that are:
 - Compiled by older versions of scalac
 - Classes that are part of the Android distribution
at org.mockito.internal.creation.bytebuddy.InlineBytecodeGenerator.triggerRetransformation(InlineBytecodeGenerator.java:285)
at org.mockito.internal.creation.bytebuddy.InlineBytecodeGenerator.mockClassStatic(InlineBytecodeGenerator.java:226)
at org.mockito.internal.creation.bytebuddy.TypeCachingBytecodeGenerator.mockClassStatic(TypeCachingBytecodeGenerator.java:108)
at org.mockito.internal.creation.bytebuddy.InlineDelegateByteBuddyMockMaker.createStaticMock(InlineDelegateByteBuddyMockMaker.java:566)
at org.mockito.internal.creation.bytebuddy.InlineByteBuddyMockMaker.createStaticMock(InlineByteBuddyMockMaker.java:83)
at org.mockito.internal.util.MockUtil.createStaticMock(MockUtil.java:202)
at org.mockito.internal.MockitoCore.mockStatic(MockitoCore.java:134)
at org.mockito.Mockito.mockStatic(Mockito.java:2325)
at org.mockito.Mockito.mockStatic(Mockito.java:2262)
... 31 more
Caused by: java.lang.IllegalArgumentException: Java 23 (67) is not supported by the current version of Byte Buddy which officially supports Java 21 (65) - update Byte Buddy or set net.bytebuddy.experimental as a VM property
at net.bytebuddy.utility.OpenedClassReader.of(OpenedClassReader.java:96)
at net.bytebuddy.dynamic.scaffold.TypeWriter$Default$ForInlining.create(TypeWriter.java:4011)
at net.bytebuddy.dynamic.scaffold.TypeWriter$Default.make(TypeWriter.java:2224)
at net.bytebuddy.dynamic.DynamicType$Builder$AbstractBase$UsingTypeWriter.make(DynamicType.java:4055)
at net.bytebuddy.dynamic.DynamicType$Builder$AbstractBase.make(DynamicType.java:3739)
at org.mockito.internal.creation.bytebuddy.InlineBytecodeGenerator.transform(InlineBytecodeGenerator.java:402)
at java.instrument/java.lang.instrument.ClassFileTransformer.transform(ClassFileTransformer.java:242)
at java.instrument/sun.instrument.TransformerManager.transform(TransformerManager.java:188)
at java.instrument/sun.instrument.InstrumentationImpl.transform(InstrumentationImpl.java:610)
at java.instrument/sun.instrument.InstrumentationImpl.retransformClasses0(Native Method)
at java.instrument/sun.instrument.InstrumentationImpl.retransformClasses(InstrumentationImpl.java:225)
at org.mockito.internal.creation.bytebuddy.InlineBytecodeGenerator.triggerRetransformation(InlineBytecodeGenerator.java:281)
... 39 more
... Removed 29 stack frames]]>
    </failure>
  </testcase> <!-- testFindByKhuVuc_Filter -->
  <testcase classname="braces.dao.SanPhamDAOTest" name="testSave_NewProduct" time="0.008">
    <failure type="org.mockito.exceptions.base.MockitoException" message="Could not modify all classes [class braces.util.XJdbc]">
      <![CDATA[org.mockito.exceptions.base.MockitoException: Could not modify all classes [class braces.util.XJdbc]
at braces.dao.SanPhamDAOTest.testSave_NewProduct(SanPhamDAOTest.java:70)
at java.base/java.util.ArrayList.forEach(ArrayList.java:1597)
Caused by: java.lang.IllegalStateException: 
Byte Buddy could not instrument all classes within the mock's type hierarchy

This problem should never occur for javac-compiled classes. This problem has been observed for classes that are:
 - Compiled by older versions of scalac
 - Classes that are part of the Android distribution
at org.mockito.internal.creation.bytebuddy.InlineBytecodeGenerator.triggerRetransformation(InlineBytecodeGenerator.java:285)
at org.mockito.internal.creation.bytebuddy.InlineBytecodeGenerator.mockClassStatic(InlineBytecodeGenerator.java:226)
at org.mockito.internal.creation.bytebuddy.TypeCachingBytecodeGenerator.mockClassStatic(TypeCachingBytecodeGenerator.java:108)
at org.mockito.internal.creation.bytebuddy.InlineDelegateByteBuddyMockMaker.createStaticMock(InlineDelegateByteBuddyMockMaker.java:566)
at org.mockito.internal.creation.bytebuddy.InlineByteBuddyMockMaker.createStaticMock(InlineByteBuddyMockMaker.java:83)
at org.mockito.internal.util.MockUtil.createStaticMock(MockUtil.java:202)
at org.mockito.internal.MockitoCore.mockStatic(MockitoCore.java:134)
at org.mockito.Mockito.mockStatic(Mockito.java:2325)
at org.mockito.Mockito.mockStatic(Mockito.java:2262)
... 31 more
Caused by: java.lang.IllegalArgumentException: Java 23 (67) is not supported by the current version of Byte Buddy which officially supports Java 21 (65) - update Byte Buddy or set net.bytebuddy.experimental as a VM property
at net.bytebuddy.utility.OpenedClassReader.of(OpenedClassReader.java:96)
at net.bytebuddy.dynamic.scaffold.TypeWriter$Default$ForInlining.create(TypeWriter.java:4011)
at net.bytebuddy.dynamic.scaffold.TypeWriter$Default.make(TypeWriter.java:2224)
at net.bytebuddy.dynamic.DynamicType$Builder$AbstractBase$UsingTypeWriter.make(DynamicType.java:4055)
at net.bytebuddy.dynamic.DynamicType$Builder$AbstractBase.make(DynamicType.java:3739)
at org.mockito.internal.creation.bytebuddy.InlineBytecodeGenerator.transform(InlineBytecodeGenerator.java:402)
at java.instrument/java.lang.instrument.ClassFileTransformer.transform(ClassFileTransformer.java:242)
at java.instrument/sun.instrument.TransformerManager.transform(TransformerManager.java:188)
at java.instrument/sun.instrument.InstrumentationImpl.transform(InstrumentationImpl.java:610)
at java.instrument/sun.instrument.InstrumentationImpl.retransformClasses0(Native Method)
at java.instrument/sun.instrument.InstrumentationImpl.retransformClasses(InstrumentationImpl.java:225)
at org.mockito.internal.creation.bytebuddy.InlineBytecodeGenerator.triggerRetransformation(InlineBytecodeGenerator.java:281)
... 39 more
... Removed 29 stack frames]]>
    </failure>
  </testcase> <!-- testSave_NewProduct -->
  <testcase classname="braces.util.FormatterTest" name="testFormatNumber_LargeNumber" time="0.001"/>
  <testcase classname="braces.util.FormatterTest" name="testFormatVND_Standard" time="0.0"/>
  <testcase classname="braces.util.FormatterTest" name="testUnformatVND_Standard" time="0.0"/>
  <testcase classname="braces.util.ValidationTest" name="testIsEmail_Invalid" time="0.0"/>
  <testcase classname="braces.util.ValidationTest" name="testIsEmail_Valid" time="0.0"/>
  <testcase classname="braces.util.ValidationTest" name="testIsEmpty_Null" time="0.0"/>
  <testcase classname="braces.util.ValidationTest" name="testIsEmpty_NullInput" time="0.0"/>
  <testcase classname="braces.util.ValidationTest" name="testIsEmpty_Valid" time="0.001"/>
  <testcase classname="braces.util.ValidationTest" name="testIsEmpty_Whitespace" time="0.0"/>
  <testcase classname="braces.util.ValidationTest" name="testIsNumber_InvalidString" time="0.0"/>
  <testcase classname="braces.util.ValidationTest" name="testIsNumber_Negative" time="0.0"/>
  <testcase classname="braces.util.ValidationTest" name="testIsNumber_Valid" time="0.0"/>
  <testcase classname="braces.util.ValidationTest" name="testIsPassword_NoDigit" time="0.001"/>
  <testcase classname="braces.util.ValidationTest" name="testIsPassword_TooShort" time="0.0"/>
  <testcase classname="braces.util.ValidationTest" name="testIsPassword_Valid" time="0.0"/>
  <testcase classname="braces.util.ValidationTest" name="testIsPhoneNumber_InvalidLength" time="0.0"/>
  <testcase classname="braces.util.ValidationTest" name="testIsPhoneNumber_Valid10Digits" time="0.0"/>
</testsuite> <!-- Unit and Integration Tests -->
