<?xml version="1.0" encoding="UTF-8"?>
<testng-results ignored="0" total="32" passed="19" failed="4" skipped="9">
  <reporter-output>
  </reporter-output>
  <suite started-at="2026-03-03T22:58:59 GMT+07:00" name="Project Test Suite" finished-at="2026-03-03T22:59:00 GMT+07:00" duration-ms="708">
    <groups>
    </groups>
    <test started-at="2026-03-03T22:58:59 GMT+07:00" name="Unit and Integration Tests" finished-at="2026-03-03T22:59:00 GMT+07:00" duration-ms="708">
      <class name="braces.util.BCryptTest">
        <test-method signature="testCompare_Failure()[pri:0, instance:braces.util.BCryptTest@3b0090a4]" started-at="2026-03-03T22:58:59 GMT+07:00" name="testCompare_Failure" finished-at="2026-03-03T22:58:59 GMT+07:00" duration-ms="93" status="PASS">
          <reporter-output>
          </reporter-output>
        </test-method> <!-- testCompare_Failure -->
        <test-method signature="testCompare_Success()[pri:0, instance:braces.util.BCryptTest@3b0090a4]" started-at="2026-03-03T22:58:59 GMT+07:00" name="testCompare_Success" finished-at="2026-03-03T22:58:59 GMT+07:00" duration-ms="53" status="PASS">
          <reporter-output>
          </reporter-output>
        </test-method> <!-- testCompare_Success -->
      </class> <!-- braces.util.BCryptTest -->
      <class name="braces.util.ValidationTest">
        <test-method signature="testIsEmail_Invalid()[pri:0, instance:braces.util.ValidationTest@7c6908d7]" started-at="2026-03-03T22:59:00 GMT+07:00" name="testIsEmail_Invalid" finished-at="2026-03-03T22:59:00 GMT+07:00" duration-ms="0" status="PASS">
          <reporter-output>
          </reporter-output>
        </test-method> <!-- testIsEmail_Invalid -->
        <test-method signature="testIsEmail_Valid()[pri:0, instance:braces.util.ValidationTest@7c6908d7]" started-at="2026-03-03T22:59:00 GMT+07:00" name="testIsEmail_Valid" finished-at="2026-03-03T22:59:00 GMT+07:00" duration-ms="0" status="PASS">
          <reporter-output>
          </reporter-output>
        </test-method> <!-- testIsEmail_Valid -->
        <test-method signature="testIsEmpty_Null()[pri:0, instance:braces.util.ValidationTest@7c6908d7]" started-at="2026-03-03T22:59:00 GMT+07:00" name="testIsEmpty_Null" finished-at="2026-03-03T22:59:00 GMT+07:00" duration-ms="0" status="PASS">
          <reporter-output>
          </reporter-output>
        </test-method> <!-- testIsEmpty_Null -->
        <test-method signature="testIsEmpty_Valid()[pri:0, instance:braces.util.ValidationTest@7c6908d7]" started-at="2026-03-03T22:59:00 GMT+07:00" name="testIsEmpty_Valid" finished-at="2026-03-03T22:59:00 GMT+07:00" duration-ms="1" status="PASS">
          <reporter-output>
          </reporter-output>
        </test-method> <!-- testIsEmpty_Valid -->
        <test-method signature="testIsEmpty_NullInput()[pri:0, instance:braces.util.ValidationTest@7c6908d7]" started-at="2026-03-03T22:59:00 GMT+07:00" name="testIsEmpty_NullInput" finished-at="2026-03-03T22:59:00 GMT+07:00" duration-ms="0" status="PASS">
          <reporter-output>
          </reporter-output>
        </test-method> <!-- testIsEmpty_NullInput -->
        <test-method signature="testIsEmpty_Whitespace()[pri:0, instance:braces.util.ValidationTest@7c6908d7]" started-at="2026-03-03T22:59:00 GMT+07:00" name="testIsEmpty_Whitespace" finished-at="2026-03-03T22:59:00 GMT+07:00" duration-ms="0" status="PASS">
          <reporter-output>
          </reporter-output>
        </test-method> <!-- testIsEmpty_Whitespace -->
        <test-method signature="testIsNumber_InvalidString()[pri:0, instance:braces.util.ValidationTest@7c6908d7]" started-at="2026-03-03T22:59:00 GMT+07:00" name="testIsNumber_InvalidString" finished-at="2026-03-03T22:59:00 GMT+07:00" duration-ms="0" status="PASS">
          <reporter-output>
          </reporter-output>
        </test-method> <!-- testIsNumber_InvalidString -->
        <test-method signature="testIsPassword_NoDigit()[pri:0, instance:braces.util.ValidationTest@7c6908d7]" started-at="2026-03-03T22:59:00 GMT+07:00" name="testIsPassword_NoDigit" finished-at="2026-03-03T22:59:00 GMT+07:00" duration-ms="1" status="PASS">
          <reporter-output>
          </reporter-output>
        </test-method> <!-- testIsPassword_NoDigit -->
        <test-method signature="testIsNumber_Negative()[pri:0, instance:braces.util.ValidationTest@7c6908d7]" started-at="2026-03-03T22:59:00 GMT+07:00" name="testIsNumber_Negative" finished-at="2026-03-03T22:59:00 GMT+07:00" duration-ms="0" status="PASS">
          <reporter-output>
          </reporter-output>
        </test-method> <!-- testIsNumber_Negative -->
        <test-method signature="testIsNumber_Valid()[pri:0, instance:braces.util.ValidationTest@7c6908d7]" started-at="2026-03-03T22:59:00 GMT+07:00" name="testIsNumber_Valid" finished-at="2026-03-03T22:59:00 GMT+07:00" duration-ms="0" status="PASS">
          <reporter-output>
          </reporter-output>
        </test-method> <!-- testIsNumber_Valid -->
        <test-method signature="testIsPassword_TooShort()[pri:0, instance:braces.util.ValidationTest@7c6908d7]" started-at="2026-03-03T22:59:00 GMT+07:00" name="testIsPassword_TooShort" finished-at="2026-03-03T22:59:00 GMT+07:00" duration-ms="0" status="PASS">
          <reporter-output>
          </reporter-output>
        </test-method> <!-- testIsPassword_TooShort -->
        <test-method signature="testIsPassword_Valid()[pri:0, instance:braces.util.ValidationTest@7c6908d7]" started-at="2026-03-03T22:59:00 GMT+07:00" name="testIsPassword_Valid" finished-at="2026-03-03T22:59:00 GMT+07:00" duration-ms="0" status="PASS">
          <reporter-output>
          </reporter-output>
        </test-method> <!-- testIsPassword_Valid -->
        <test-method signature="testIsPhoneNumber_InvalidLength()[pri:0, instance:braces.util.ValidationTest@7c6908d7]" started-at="2026-03-03T22:59:00 GMT+07:00" name="testIsPhoneNumber_InvalidLength" finished-at="2026-03-03T22:59:00 GMT+07:00" duration-ms="0" status="PASS">
          <reporter-output>
          </reporter-output>
        </test-method> <!-- testIsPhoneNumber_InvalidLength -->
        <test-method signature="testIsPhoneNumber_Valid10Digits()[pri:0, instance:braces.util.ValidationTest@7c6908d7]" started-at="2026-03-03T22:59:00 GMT+07:00" name="testIsPhoneNumber_Valid10Digits" finished-at="2026-03-03T22:59:00 GMT+07:00" duration-ms="0" status="PASS">
          <reporter-output>
          </reporter-output>
        </test-method> <!-- testIsPhoneNumber_Valid10Digits -->
      </class> <!-- braces.util.ValidationTest -->
      <class name="braces.dao.SanPhamDAOTest">
        <test-method signature="testDeleteById()[pri:0, instance:braces.dao.SanPhamDAOTest@38afe297]" started-at="2026-03-03T22:59:00 GMT+07:00" name="testDeleteById" finished-at="2026-03-03T22:59:00 GMT+07:00" duration-ms="12" status="FAIL">
          <exception class="org.mockito.exceptions.base.MockitoException">
            <message>
              <![CDATA[Could not modify all classes [class braces.util.XJdbc]]]>
            </message>
            <full-stacktrace>
              <![CDATA[org.mockito.exceptions.base.MockitoException: Could not modify all classes [class braces.util.XJdbc]
at braces.dao.SanPhamDAOTest.testDeleteById(SanPhamDAOTest.java:87)
at java.base/jdk.internal.reflect.DirectMethodHandleAccessor.invoke(DirectMethodHandleAccessor.java:103)
at java.base/java.lang.reflect.Method.invoke(Method.java:580)
at org.testng.internal.invokers.MethodInvocationHelper.invokeMethod(MethodInvocationHelper.java:139)
at org.testng.internal.invokers.TestInvoker.invokeMethod(TestInvoker.java:664)
at org.testng.internal.invokers.TestInvoker.invokeTestMethod(TestInvoker.java:227)
at org.testng.internal.invokers.MethodRunner.runInSequence(MethodRunner.java:50)
at org.testng.internal.invokers.TestInvoker$MethodInvocationAgent.invoke(TestInvoker.java:957)
at org.testng.internal.invokers.TestInvoker.invokeTestMethods(TestInvoker.java:200)
at org.testng.internal.invokers.TestMethodWorker.invokeTestMethods(TestMethodWorker.java:148)
at org.testng.internal.invokers.TestMethodWorker.run(TestMethodWorker.java:128)
at java.base/java.util.ArrayList.forEach(ArrayList.java:1597)
at org.testng.TestRunner.privateRun(TestRunner.java:848)
at org.testng.TestRunner.run(TestRunner.java:621)
at org.testng.SuiteRunner.runTest(SuiteRunner.java:443)
at org.testng.SuiteRunner.runSequentially(SuiteRunner.java:437)
at org.testng.SuiteRunner.privateRun(SuiteRunner.java:397)
at org.testng.SuiteRunner.run(SuiteRunner.java:336)
at org.testng.SuiteRunnerWorker.runSuite(SuiteRunnerWorker.java:52)
at org.testng.SuiteRunnerWorker.run(SuiteRunnerWorker.java:95)
at org.testng.TestNG.runSuitesSequentially(TestNG.java:1280)
at org.testng.TestNG.runSuitesLocally(TestNG.java:1200)
at org.testng.TestNG.runSuites(TestNG.java:1114)
at org.testng.TestNG.run(TestNG.java:1082)
at org.apache.maven.surefire.testng.TestNGExecutor.run(TestNGExecutor.java:308)
at org.apache.maven.surefire.testng.TestNGXmlTestSuite.execute(TestNGXmlTestSuite.java:71)
at org.apache.maven.surefire.testng.TestNGProvider.invoke(TestNGProvider.java:113)
at org.apache.maven.surefire.booter.ForkedBooter.runSuitesInProcess(ForkedBooter.java:385)
at org.apache.maven.surefire.booter.ForkedBooter.execute(ForkedBooter.java:162)
at org.apache.maven.surefire.booter.ForkedBooter.run(ForkedBooter.java:507)
at org.apache.maven.surefire.booter.ForkedBooter.main(ForkedBooter.java:495)
Caused by: java.lang.IllegalStateException: 
Byte Buddy could not instrument all classes within the mock's type hierarchy

This problem should never occur for javac-compiled classes. This problem has been observed for classes that are:
 - Compiled by older versions of scalac
 - Classes that are part of the Android distribution
at org.mockito.internal.creation.bytebuddy.InlineBytecodeGenerator.triggerRetransformation(InlineBytecodeGenerator.java:285)
at org.mockito.internal.creation.bytebuddy.InlineBytecodeGenerator.mockClassStatic(InlineBytecodeGenerator.java:226)
at org.mockito.internal.creation.bytebuddy.TypeCachingBytecodeGenerator.mockClassStatic(TypeCachingBytecodeGenerator.java:108)
at org.mockito.internal.creation.bytebuddy.InlineDelegateByteBuddyMockMaker.createStaticMock(InlineDelegateByteBuddyMockMaker.java:566)
at org.mockito.internal.creation.bytebuddy.InlineByteBuddyMockMaker.createStaticMock(InlineByteBuddyMockMaker.java:83)
at org.mockito.internal.util.MockUtil.createStaticMock(MockUtil.java:202)
at org.mockito.internal.MockitoCore.mockStatic(MockitoCore.java:134)
at org.mockito.Mockito.mockStatic(Mockito.java:2325)
at org.mockito.Mockito.mockStatic(Mockito.java:2262)
... 31 more
Caused by: java.lang.IllegalArgumentException: Java 23 (67) is not supported by the current version of Byte Buddy which officially supports Java 21 (65) - update Byte Buddy or set net.bytebuddy.experimental as a VM property
at net.bytebuddy.utility.OpenedClassReader.of(OpenedClassReader.java:96)
at net.bytebuddy.dynamic.scaffold.TypeWriter$Default$ForInlining.create(TypeWriter.java:4011)
at net.bytebuddy.dynamic.scaffold.TypeWriter$Default.make(TypeWriter.java:2224)
at net.bytebuddy.dynamic.DynamicType$Builder$AbstractBase$UsingTypeWriter.make(DynamicType.java:4055)
at net.bytebuddy.dynamic.DynamicType$Builder$AbstractBase.make(DynamicType.java:3739)
at org.mockito.internal.creation.bytebuddy.InlineBytecodeGenerator.transform(InlineBytecodeGenerator.java:402)
at java.instrument/java.lang.instrument.ClassFileTransformer.transform(ClassFileTransformer.java:242)
at java.instrument/sun.instrument.TransformerManager.transform(TransformerManager.java:188)
at java.instrument/sun.instrument.InstrumentationImpl.transform(InstrumentationImpl.java:610)
at java.instrument/sun.instrument.InstrumentationImpl.retransformClasses0(Native Method)
at java.instrument/sun.instrument.InstrumentationImpl.retransformClasses(InstrumentationImpl.java:225)
at org.mockito.internal.creation.bytebuddy.InlineBytecodeGenerator.triggerRetransformation(InlineBytecodeGenerator.java:281)
... 39 more
]]>
            </full-stacktrace>
          </exception> <!-- org.mockito.exceptions.base.MockitoException -->
          <reporter-output>
          </reporter-output>
        </test-method> <!-- testDeleteById -->
        <test-method signature="testFindAll_Retrieve()[pri:0, instance:braces.dao.SanPhamDAOTest@38afe297]" started-at="2026-03-03T22:59:00 GMT+07:00" name="testFindAll_Retrieve" finished-at="2026-03-03T22:59:00 GMT+07:00" duration-ms="7" status="FAIL">
          <exception class="org.mockito.exceptions.base.MockitoException">
            <message>
              <![CDATA[Could not modify all classes [class braces.util.XQuery]]]>
            </message>
            <full-stacktrace>
              <![CDATA[org.mockito.exceptions.base.MockitoException: Could not modify all classes [class braces.util.XQuery]
at braces.dao.SanPhamDAOTest.testFindAll_Retrieve(SanPhamDAOTest.java:22)
at java.base/jdk.internal.reflect.DirectMethodHandleAccessor.invoke(DirectMethodHandleAccessor.java:103)
at java.base/java.lang.reflect.Method.invoke(Method.java:580)
at org.testng.internal.invokers.MethodInvocationHelper.invokeMethod(MethodInvocationHelper.java:139)
at org.testng.internal.invokers.TestInvoker.invokeMethod(TestInvoker.java:664)
at org.testng.internal.invokers.TestInvoker.invokeTestMethod(TestInvoker.java:227)
at org.testng.internal.invokers.MethodRunner.runInSequence(MethodRunner.java:50)
at org.testng.internal.invokers.TestInvoker$MethodInvocationAgent.invoke(TestInvoker.java:957)
at org.testng.internal.invokers.TestInvoker.invokeTestMethods(TestInvoker.java:200)
at org.testng.internal.invokers.TestMethodWorker.invokeTestMethods(TestMethodWorker.java:148)
at org.testng.internal.invokers.TestMethodWorker.run(TestMethodWorker.java:128)
at java.base/java.util.ArrayList.forEach(ArrayList.java:1597)
at org.testng.TestRunner.privateRun(TestRunner.java:848)
at org.testng.TestRunner.run(TestRunner.java:621)
at org.testng.SuiteRunner.runTest(SuiteRunner.java:443)
at org.testng.SuiteRunner.runSequentially(SuiteRunner.java:437)
at org.testng.SuiteRunner.privateRun(SuiteRunner.java:397)
at org.testng.SuiteRunner.run(SuiteRunner.java:336)
at org.testng.SuiteRunnerWorker.runSuite(SuiteRunnerWorker.java:52)
at org.testng.SuiteRunnerWorker.run(SuiteRunnerWorker.java:95)
at org.testng.TestNG.runSuitesSequentially(TestNG.java:1280)
at org.testng.TestNG.runSuitesLocally(TestNG.java:1200)
at org.testng.TestNG.runSuites(TestNG.java:1114)
at org.testng.TestNG.run(TestNG.java:1082)
at org.apache.maven.surefire.testng.TestNGExecutor.run(TestNGExecutor.java:308)
at org.apache.maven.surefire.testng.TestNGXmlTestSuite.execute(TestNGXmlTestSuite.java:71)
at org.apache.maven.surefire.testng.TestNGProvider.invoke(TestNGProvider.java:113)
at org.apache.maven.surefire.booter.ForkedBooter.runSuitesInProcess(ForkedBooter.java:385)
at org.apache.maven.surefire.booter.ForkedBooter.execute(ForkedBooter.java:162)
at org.apache.maven.surefire.booter.ForkedBooter.run(ForkedBooter.java:507)
at org.apache.maven.surefire.booter.ForkedBooter.main(ForkedBooter.java:495)
Caused by: java.lang.IllegalStateException: 
Byte Buddy could not instrument all classes within the mock's type hierarchy

This problem should never occur for javac-compiled classes. This problem has been observed for classes that are:
 - Compiled by older versions of scalac
 - Classes that are part of the Android distribution
at org.mockito.internal.creation.bytebuddy.InlineBytecodeGenerator.triggerRetransformation(InlineBytecodeGenerator.java:285)
at org.mockito.internal.creation.bytebuddy.InlineBytecodeGenerator.mockClassStatic(InlineBytecodeGenerator.java:226)
at org.mockito.internal.creation.bytebuddy.TypeCachingBytecodeGenerator.mockClassStatic(TypeCachingBytecodeGenerator.java:108)
at org.mockito.internal.creation.bytebuddy.InlineDelegateByteBuddyMockMaker.createStaticMock(InlineDelegateByteBuddyMockMaker.java:566)
at org.mockito.internal.creation.bytebuddy.InlineByteBuddyMockMaker.createStaticMock(InlineByteBuddyMockMaker.java:83)
at org.mockito.internal.util.MockUtil.createStaticMock(MockUtil.java:202)
at org.mockito.internal.MockitoCore.mockStatic(MockitoCore.java:134)
at org.mockito.Mockito.mockStatic(Mockito.java:2325)
at org.mockito.Mockito.mockStatic(Mockito.java:2262)
... 31 more
Caused by: java.lang.IllegalArgumentException: Java 23 (67) is not supported by the current version of Byte Buddy which officially supports Java 21 (65) - update Byte Buddy or set net.bytebuddy.experimental as a VM property
at net.bytebuddy.utility.OpenedClassReader.of(OpenedClassReader.java:96)
at net.bytebuddy.dynamic.scaffold.TypeWriter$Default$ForInlining.create(TypeWriter.java:4011)
at net.bytebuddy.dynamic.scaffold.TypeWriter$Default.make(TypeWriter.java:2224)
at net.bytebuddy.dynamic.DynamicType$Builder$AbstractBase$UsingTypeWriter.make(DynamicType.java:4055)
at net.bytebuddy.dynamic.DynamicType$Builder$AbstractBase.make(DynamicType.java:3739)
at org.mockito.internal.creation.bytebuddy.InlineBytecodeGenerator.transform(InlineBytecodeGenerator.java:402)
at java.instrument/java.lang.instrument.ClassFileTransformer.transform(ClassFileTransformer.java:242)
at java.instrument/sun.instrument.TransformerManager.transform(TransformerManager.java:188)
at java.instrument/sun.instrument.InstrumentationImpl.transform(InstrumentationImpl.java:610)
at java.instrument/sun.instrument.InstrumentationImpl.retransformClasses0(Native Method)
at java.instrument/sun.instrument.InstrumentationImpl.retransformClasses(InstrumentationImpl.java:225)
at org.mockito.internal.creation.bytebuddy.InlineBytecodeGenerator.triggerRetransformation(InlineBytecodeGenerator.java:281)
... 39 more
]]>
            </full-stacktrace>
          </exception> <!-- org.mockito.exceptions.base.MockitoException -->
          <reporter-output>
          </reporter-output>
        </test-method> <!-- testFindAll_Retrieve -->
        <test-method signature="testFindByKhuVuc_Filter()[pri:0, instance:braces.dao.SanPhamDAOTest@38afe297]" started-at="2026-03-03T22:59:00 GMT+07:00" name="testFindByKhuVuc_Filter" finished-at="2026-03-03T22:59:00 GMT+07:00" duration-ms="8" status="FAIL">
          <exception class="org.mockito.exceptions.base.MockitoException">
            <message>
              <![CDATA[Could not modify all classes [class braces.util.XQuery]]]>
            </message>
            <full-stacktrace>
              <![CDATA[org.mockito.exceptions.base.MockitoException: Could not modify all classes [class braces.util.XQuery]
at braces.dao.SanPhamDAOTest.testFindByKhuVuc_Filter(SanPhamDAOTest.java:48)
at java.base/jdk.internal.reflect.DirectMethodHandleAccessor.invoke(DirectMethodHandleAccessor.java:103)
at java.base/java.lang.reflect.Method.invoke(Method.java:580)
at org.testng.internal.invokers.MethodInvocationHelper.invokeMethod(MethodInvocationHelper.java:139)
at org.testng.internal.invokers.TestInvoker.invokeMethod(TestInvoker.java:664)
at org.testng.internal.invokers.TestInvoker.invokeTestMethod(TestInvoker.java:227)
at org.testng.internal.invokers.MethodRunner.runInSequence(MethodRunner.java:50)
at org.testng.internal.invokers.TestInvoker$MethodInvocationAgent.invoke(TestInvoker.java:957)
at org.testng.internal.invokers.TestInvoker.invokeTestMethods(TestInvoker.java:200)
at org.testng.internal.invokers.TestMethodWorker.invokeTestMethods(TestMethodWorker.java:148)
at org.testng.internal.invokers.TestMethodWorker.run(TestMethodWorker.java:128)
at java.base/java.util.ArrayList.forEach(ArrayList.java:1597)
at org.testng.TestRunner.privateRun(TestRunner.java:848)
at org.testng.TestRunner.run(TestRunner.java:621)
at org.testng.SuiteRunner.runTest(SuiteRunner.java:443)
at org.testng.SuiteRunner.runSequentially(SuiteRunner.java:437)
at org.testng.SuiteRunner.privateRun(SuiteRunner.java:397)
at org.testng.SuiteRunner.run(SuiteRunner.java:336)
at org.testng.SuiteRunnerWorker.runSuite(SuiteRunnerWorker.java:52)
at org.testng.SuiteRunnerWorker.run(SuiteRunnerWorker.java:95)
at org.testng.TestNG.runSuitesSequentially(TestNG.java:1280)
at org.testng.TestNG.runSuitesLocally(TestNG.java:1200)
at org.testng.TestNG.runSuites(TestNG.java:1114)
at org.testng.TestNG.run(TestNG.java:1082)
at org.apache.maven.surefire.testng.TestNGExecutor.run(TestNGExecutor.java:308)
at org.apache.maven.surefire.testng.TestNGXmlTestSuite.execute(TestNGXmlTestSuite.java:71)
at org.apache.maven.surefire.testng.TestNGProvider.invoke(TestNGProvider.java:113)
at org.apache.maven.surefire.booter.ForkedBooter.runSuitesInProcess(ForkedBooter.java:385)
at org.apache.maven.surefire.booter.ForkedBooter.execute(ForkedBooter.java:162)
at org.apache.maven.surefire.booter.ForkedBooter.run(ForkedBooter.java:507)
at org.apache.maven.surefire.booter.ForkedBooter.main(ForkedBooter.java:495)
Caused by: java.lang.IllegalStateException: 
Byte Buddy could not instrument all classes within the mock's type hierarchy

This problem should never occur for javac-compiled classes. This problem has been observed for classes that are:
 - Compiled by older versions of scalac
 - Classes that are part of the Android distribution
at org.mockito.internal.creation.bytebuddy.InlineBytecodeGenerator.triggerRetransformation(InlineBytecodeGenerator.java:285)
at org.mockito.internal.creation.bytebuddy.InlineBytecodeGenerator.mockClassStatic(InlineBytecodeGenerator.java:226)
at org.mockito.internal.creation.bytebuddy.TypeCachingBytecodeGenerator.mockClassStatic(TypeCachingBytecodeGenerator.java:108)
at org.mockito.internal.creation.bytebuddy.InlineDelegateByteBuddyMockMaker.createStaticMock(InlineDelegateByteBuddyMockMaker.java:566)
at org.mockito.internal.creation.bytebuddy.InlineByteBuddyMockMaker.createStaticMock(InlineByteBuddyMockMaker.java:83)
at org.mockito.internal.util.MockUtil.createStaticMock(MockUtil.java:202)
at org.mockito.internal.MockitoCore.mockStatic(MockitoCore.java:134)
at org.mockito.Mockito.mockStatic(Mockito.java:2325)
at org.mockito.Mockito.mockStatic(Mockito.java:2262)
... 31 more
Caused by: java.lang.IllegalArgumentException: Java 23 (67) is not supported by the current version of Byte Buddy which officially supports Java 21 (65) - update Byte Buddy or set net.bytebuddy.experimental as a VM property
at net.bytebuddy.utility.OpenedClassReader.of(OpenedClassReader.java:96)
at net.bytebuddy.dynamic.scaffold.TypeWriter$Default$ForInlining.create(TypeWriter.java:4011)
at net.bytebuddy.dynamic.scaffold.TypeWriter$Default.make(TypeWriter.java:2224)
at net.bytebuddy.dynamic.DynamicType$Builder$AbstractBase$UsingTypeWriter.make(DynamicType.java:4055)
at net.bytebuddy.dynamic.DynamicType$Builder$AbstractBase.make(DynamicType.java:3739)
at org.mockito.internal.creation.bytebuddy.InlineBytecodeGenerator.transform(InlineBytecodeGenerator.java:402)
at java.instrument/java.lang.instrument.ClassFileTransformer.transform(ClassFileTransformer.java:242)
at java.instrument/sun.instrument.TransformerManager.transform(TransformerManager.java:188)
at java.instrument/sun.instrument.InstrumentationImpl.transform(InstrumentationImpl.java:610)
at java.instrument/sun.instrument.InstrumentationImpl.retransformClasses0(Native Method)
at java.instrument/sun.instrument.InstrumentationImpl.retransformClasses(InstrumentationImpl.java:225)
at org.mockito.internal.creation.bytebuddy.InlineBytecodeGenerator.triggerRetransformation(InlineBytecodeGenerator.java:281)
... 39 more
]]>
            </full-stacktrace>
          </exception> <!-- org.mockito.exceptions.base.MockitoException -->
          <reporter-output>
          </reporter-output>
        </test-method> <!-- testFindByKhuVuc_Filter -->
        <test-method signature="testSave_NewProduct()[pri:0, instance:braces.dao.SanPhamDAOTest@38afe297]" started-at="2026-03-03T22:59:00 GMT+07:00" name="testSave_NewProduct" finished-at="2026-03-03T22:59:00 GMT+07:00" duration-ms="8" status="FAIL">
          <exception class="org.mockito.exceptions.base.MockitoException">
            <message>
              <![CDATA[Could not modify all classes [class braces.util.XJdbc]]]>
            </message>
            <full-stacktrace>
              <![CDATA[org.mockito.exceptions.base.MockitoException: Could not modify all classes [class braces.util.XJdbc]
at braces.dao.SanPhamDAOTest.testSave_NewProduct(SanPhamDAOTest.java:70)
at java.base/jdk.internal.reflect.DirectMethodHandleAccessor.invoke(DirectMethodHandleAccessor.java:103)
at java.base/java.lang.reflect.Method.invoke(Method.java:580)
at org.testng.internal.invokers.MethodInvocationHelper.invokeMethod(MethodInvocationHelper.java:139)
at org.testng.internal.invokers.TestInvoker.invokeMethod(TestInvoker.java:664)
at org.testng.internal.invokers.TestInvoker.invokeTestMethod(TestInvoker.java:227)
at org.testng.internal.invokers.MethodRunner.runInSequence(MethodRunner.java:50)
at org.testng.internal.invokers.TestInvoker$MethodInvocationAgent.invoke(TestInvoker.java:957)
at org.testng.internal.invokers.TestInvoker.invokeTestMethods(TestInvoker.java:200)
at org.testng.internal.invokers.TestMethodWorker.invokeTestMethods(TestMethodWorker.java:148)
at org.testng.internal.invokers.TestMethodWorker.run(TestMethodWorker.java:128)
at java.base/java.util.ArrayList.forEach(ArrayList.java:1597)
at org.testng.TestRunner.privateRun(TestRunner.java:848)
at org.testng.TestRunner.run(TestRunner.java:621)
at org.testng.SuiteRunner.runTest(SuiteRunner.java:443)
at org.testng.SuiteRunner.runSequentially(SuiteRunner.java:437)
at org.testng.SuiteRunner.privateRun(SuiteRunner.java:397)
at org.testng.SuiteRunner.run(SuiteRunner.java:336)
at org.testng.SuiteRunnerWorker.runSuite(SuiteRunnerWorker.java:52)
at org.testng.SuiteRunnerWorker.run(SuiteRunnerWorker.java:95)
at org.testng.TestNG.runSuitesSequentially(TestNG.java:1280)
at org.testng.TestNG.runSuitesLocally(TestNG.java:1200)
at org.testng.TestNG.runSuites(TestNG.java:1114)
at org.testng.TestNG.run(TestNG.java:1082)
at org.apache.maven.surefire.testng.TestNGExecutor.run(TestNGExecutor.java:308)
at org.apache.maven.surefire.testng.TestNGXmlTestSuite.execute(TestNGXmlTestSuite.java:71)
at org.apache.maven.surefire.testng.TestNGProvider.invoke(TestNGProvider.java:113)
at org.apache.maven.surefire.booter.ForkedBooter.runSuitesInProcess(ForkedBooter.java:385)
at org.apache.maven.surefire.booter.ForkedBooter.execute(ForkedBooter.java:162)
at org.apache.maven.surefire.booter.ForkedBooter.run(ForkedBooter.java:507)
at org.apache.maven.surefire.booter.ForkedBooter.main(ForkedBooter.java:495)
Caused by: java.lang.IllegalStateException: 
Byte Buddy could not instrument all classes within the mock's type hierarchy

This problem should never occur for javac-compiled classes. This problem has been observed for classes that are:
 - Compiled by older versions of scalac
 - Classes that are part of the Android distribution
at org.mockito.internal.creation.bytebuddy.InlineBytecodeGenerator.triggerRetransformation(InlineBytecodeGenerator.java:285)
at org.mockito.internal.creation.bytebuddy.InlineBytecodeGenerator.mockClassStatic(InlineBytecodeGenerator.java:226)
at org.mockito.internal.creation.bytebuddy.TypeCachingBytecodeGenerator.mockClassStatic(TypeCachingBytecodeGenerator.java:108)
at org.mockito.internal.creation.bytebuddy.InlineDelegateByteBuddyMockMaker.createStaticMock(InlineDelegateByteBuddyMockMaker.java:566)
at org.mockito.internal.creation.bytebuddy.InlineByteBuddyMockMaker.createStaticMock(InlineByteBuddyMockMaker.java:83)
at org.mockito.internal.util.MockUtil.createStaticMock(MockUtil.java:202)
at org.mockito.internal.MockitoCore.mockStatic(MockitoCore.java:134)
at org.mockito.Mockito.mockStatic(Mockito.java:2325)
at org.mockito.Mockito.mockStatic(Mockito.java:2262)
... 31 more
Caused by: java.lang.IllegalArgumentException: Java 23 (67) is not supported by the current version of Byte Buddy which officially supports Java 21 (65) - update Byte Buddy or set net.bytebuddy.experimental as a VM property
at net.bytebuddy.utility.OpenedClassReader.of(OpenedClassReader.java:96)
at net.bytebuddy.dynamic.scaffold.TypeWriter$Default$ForInlining.create(TypeWriter.java:4011)
at net.bytebuddy.dynamic.scaffold.TypeWriter$Default.make(TypeWriter.java:2224)
at net.bytebuddy.dynamic.DynamicType$Builder$AbstractBase$UsingTypeWriter.make(DynamicType.java:4055)
at net.bytebuddy.dynamic.DynamicType$Builder$AbstractBase.make(DynamicType.java:3739)
at org.mockito.internal.creation.bytebuddy.InlineBytecodeGenerator.transform(InlineBytecodeGenerator.java:402)
at java.instrument/java.lang.instrument.ClassFileTransformer.transform(ClassFileTransformer.java:242)
at java.instrument/sun.instrument.TransformerManager.transform(TransformerManager.java:188)
at java.instrument/sun.instrument.InstrumentationImpl.transform(InstrumentationImpl.java:610)
at java.instrument/sun.instrument.InstrumentationImpl.retransformClasses0(Native Method)
at java.instrument/sun.instrument.InstrumentationImpl.retransformClasses(InstrumentationImpl.java:225)
at org.mockito.internal.creation.bytebuddy.InlineBytecodeGenerator.triggerRetransformation(InlineBytecodeGenerator.java:281)
... 39 more
]]>
            </full-stacktrace>
          </exception> <!-- org.mockito.exceptions.base.MockitoException -->
          <reporter-output>
          </reporter-output>
        </test-method> <!-- testSave_NewProduct -->
      </class> <!-- braces.dao.SanPhamDAOTest -->
      <class name="braces.util.FormatterTest">
        <test-method signature="testFormatNumber_LargeNumber()[pri:0, instance:braces.util.FormatterTest@198b6731]" started-at="2026-03-03T22:59:00 GMT+07:00" name="testFormatNumber_LargeNumber" finished-at="2026-03-03T22:59:00 GMT+07:00" duration-ms="1" status="PASS">
          <reporter-output>
          </reporter-output>
        </test-method> <!-- testFormatNumber_LargeNumber -->
        <test-method signature="testFormatVND_Standard()[pri:0, instance:braces.util.FormatterTest@198b6731]" started-at="2026-03-03T22:59:00 GMT+07:00" name="testFormatVND_Standard" finished-at="2026-03-03T22:59:00 GMT+07:00" duration-ms="0" status="PASS">
          <reporter-output>
          </reporter-output>
        </test-method> <!-- testFormatVND_Standard -->
        <test-method signature="testUnformatVND_Standard()[pri:0, instance:braces.util.FormatterTest@198b6731]" started-at="2026-03-03T22:59:00 GMT+07:00" name="testUnformatVND_Standard" finished-at="2026-03-03T22:59:00 GMT+07:00" duration-ms="0" status="PASS">
          <reporter-output>
          </reporter-output>
        </test-method> <!-- testUnformatVND_Standard -->
      </class> <!-- braces.util.FormatterTest -->
      <class name="braces.controller.TaiKhoanControllerTest">
        <test-method is-config="true" signature="setUp()[pri:0, instance:braces.controller.TaiKhoanControllerTest@4d1c00d0]" started-at="2026-03-03T22:58:59 GMT+07:00" name="setUp" finished-at="2026-03-03T22:59:00 GMT+07:00" duration-ms="473" status="FAIL">
          <exception class="org.mockito.exceptions.base.MockitoException">
            <message>
              <![CDATA[
Mockito cannot mock this class: interface braces.dao.TaiKhoanDAO.

If you're not sure why you're getting this error, please open an issue on GitHub.


Java               : 23
JVM vendor name    : Amazon.com Inc.
JVM vendor version : 23.0.2+7-FR
JVM name           : OpenJDK 64-Bit Server VM
JVM version        : 23.0.2+7-FR
JVM info           : mixed mode, sharing
OS name            : Windows 11
OS version         : 10.0


You are seeing this disclaimer because Mockito is configured to create inlined mocks.
You can learn about inline mocks and their limitations under item #39 of the Mockito class javadoc.

Underlying exception : org.mockito.exceptions.base.MockitoException: Could not modify all classes [interface braces.dao.TaiKhoanDAO, interface braces.dao.BaseDAO]]]>
            </message>
            <full-stacktrace>
              <![CDATA[org.mockito.exceptions.base.MockitoException: 
Mockito cannot mock this class: interface braces.dao.TaiKhoanDAO.

If you're not sure why you're getting this error, please open an issue on GitHub.


Java               : 23
JVM vendor name    : Amazon.com Inc.
JVM vendor version : 23.0.2+7-FR
JVM name           : OpenJDK 64-Bit Server VM
JVM version        : 23.0.2+7-FR
JVM info           : mixed mode, sharing
OS name            : Windows 11
OS version         : 10.0


You are seeing this disclaimer because Mockito is configured to create inlined mocks.
You can learn about inline mocks and their limitations under item #39 of the Mockito class javadoc.

Underlying exception : org.mockito.exceptions.base.MockitoException: Could not modify all classes [interface braces.dao.TaiKhoanDAO, interface braces.dao.BaseDAO]
at braces.controller.TaiKhoanControllerTest.setUp(TaiKhoanControllerTest.java:24)
at java.base/jdk.internal.reflect.DirectMethodHandleAccessor.invoke(DirectMethodHandleAccessor.java:103)
at java.base/java.lang.reflect.Method.invoke(Method.java:580)
at org.testng.internal.invokers.MethodInvocationHelper.invokeMethod(MethodInvocationHelper.java:139)
at org.testng.internal.invokers.MethodInvocationHelper.invokeMethodConsideringTimeout(MethodInvocationHelper.java:69)
at org.testng.internal.invokers.ConfigInvoker.invokeConfigurationMethod(ConfigInvoker.java:390)
at org.testng.internal.invokers.ConfigInvoker.invokeConfigurations(ConfigInvoker.java:325)
at org.testng.internal.invokers.TestInvoker.runConfigMethods(TestInvoker.java:810)
at org.testng.internal.invokers.TestInvoker.invokeMethod(TestInvoker.java:577)
at org.testng.internal.invokers.TestInvoker.invokeTestMethod(TestInvoker.java:227)
at org.testng.internal.invokers.MethodRunner.runInSequence(MethodRunner.java:50)
at org.testng.internal.invokers.TestInvoker$MethodInvocationAgent.invoke(TestInvoker.java:957)
at org.testng.internal.invokers.TestInvoker.invokeTestMethods(TestInvoker.java:200)
at org.testng.internal.invokers.TestMethodWorker.invokeTestMethods(TestMethodWorker.java:148)
at org.testng.internal.invokers.TestMethodWorker.run(TestMethodWorker.java:128)
at java.base/java.util.ArrayList.forEach(ArrayList.java:1597)
at org.testng.TestRunner.privateRun(TestRunner.java:848)
at org.testng.TestRunner.run(TestRunner.java:621)
at org.testng.SuiteRunner.runTest(SuiteRunner.java:443)
at org.testng.SuiteRunner.runSequentially(SuiteRunner.java:437)
at org.testng.SuiteRunner.privateRun(SuiteRunner.java:397)
at org.testng.SuiteRunner.run(SuiteRunner.java:336)
at org.testng.SuiteRunnerWorker.runSuite(SuiteRunnerWorker.java:52)
at org.testng.SuiteRunnerWorker.run(SuiteRunnerWorker.java:95)
at org.testng.TestNG.runSuitesSequentially(TestNG.java:1280)
at org.testng.TestNG.runSuitesLocally(TestNG.java:1200)
at org.testng.TestNG.runSuites(TestNG.java:1114)
at org.testng.TestNG.run(TestNG.java:1082)
at org.apache.maven.surefire.testng.TestNGExecutor.run(TestNGExecutor.java:308)
at org.apache.maven.surefire.testng.TestNGXmlTestSuite.execute(TestNGXmlTestSuite.java:71)
at org.apache.maven.surefire.testng.TestNGProvider.invoke(TestNGProvider.java:113)
at org.apache.maven.surefire.booter.ForkedBooter.runSuitesInProcess(ForkedBooter.java:385)
at org.apache.maven.surefire.booter.ForkedBooter.execute(ForkedBooter.java:162)
at org.apache.maven.surefire.booter.ForkedBooter.run(ForkedBooter.java:507)
at org.apache.maven.surefire.booter.ForkedBooter.main(ForkedBooter.java:495)
Caused by: org.mockito.exceptions.base.MockitoException: Could not modify all classes [interface braces.dao.TaiKhoanDAO, interface braces.dao.BaseDAO]
at net.bytebuddy.TypeCache.findOrInsert(TypeCache.java:168)
at net.bytebuddy.TypeCache$WithInlineExpunction.findOrInsert(TypeCache.java:399)
at net.bytebuddy.TypeCache.findOrInsert(TypeCache.java:190)
at net.bytebuddy.TypeCache$WithInlineExpunction.findOrInsert(TypeCache.java:410)
... 35 more
Caused by: java.lang.IllegalStateException: 
Byte Buddy could not instrument all classes within the mock's type hierarchy

This problem should never occur for javac-compiled classes. This problem has been observed for classes that are:
 - Compiled by older versions of scalac
 - Classes that are part of the Android distribution
at org.mockito.internal.creation.bytebuddy.InlineBytecodeGenerator.triggerRetransformation(InlineBytecodeGenerator.java:285)
at org.mockito.internal.creation.bytebuddy.InlineBytecodeGenerator.mockClass(InlineBytecodeGenerator.java:218)
at org.mockito.internal.creation.bytebuddy.TypeCachingBytecodeGenerator.lambda$mockClass$0(TypeCachingBytecodeGenerator.java:78)
at net.bytebuddy.TypeCache.findOrInsert(TypeCache.java:168)
at net.bytebuddy.TypeCache$WithInlineExpunction.findOrInsert(TypeCache.java:399)
at net.bytebuddy.TypeCache.findOrInsert(TypeCache.java:190)
at net.bytebuddy.TypeCache$WithInlineExpunction.findOrInsert(TypeCache.java:410)
at org.mockito.internal.creation.bytebuddy.TypeCachingBytecodeGenerator.mockClass(TypeCachingBytecodeGenerator.java:75)
at org.mockito.internal.creation.bytebuddy.InlineDelegateByteBuddyMockMaker.createMockType(InlineDelegateByteBuddyMockMaker.java:396)
at org.mockito.internal.creation.bytebuddy.InlineDelegateByteBuddyMockMaker.doCreateMock(InlineDelegateByteBuddyMockMaker.java:355)
at org.mockito.internal.creation.bytebuddy.InlineDelegateByteBuddyMockMaker.createMock(InlineDelegateByteBuddyMockMaker.java:334)
at org.mockito.internal.creation.bytebuddy.InlineByteBuddyMockMaker.createMock(InlineByteBuddyMockMaker.java:56)
at org.mockito.internal.util.MockUtil.createMock(MockUtil.java:99)
at org.mockito.internal.MockitoCore.mock(MockitoCore.java:88)
at org.mockito.Mockito.mock(Mockito.java:2101)
at org.mockito.Mockito.mock(Mockito.java:2016)
... 35 more
Caused by: java.lang.IllegalArgumentException: Java 23 (67) is not supported by the current version of Byte Buddy which officially supports Java 21 (65) - update Byte Buddy or set net.bytebuddy.experimental as a VM property
at net.bytebuddy.utility.OpenedClassReader.of(OpenedClassReader.java:96)
at net.bytebuddy.dynamic.scaffold.TypeWriter$Default$ForInlining.create(TypeWriter.java:4011)
at net.bytebuddy.dynamic.scaffold.TypeWriter$Default.make(TypeWriter.java:2224)
at net.bytebuddy.dynamic.DynamicType$Builder$AbstractBase$UsingTypeWriter.make(DynamicType.java:4055)
at net.bytebuddy.dynamic.DynamicType$Builder$AbstractBase.make(DynamicType.java:3739)
at org.mockito.internal.creation.bytebuddy.InlineBytecodeGenerator.transform(InlineBytecodeGenerator.java:402)
at java.instrument/java.lang.instrument.ClassFileTransformer.transform(ClassFileTransformer.java:242)
at java.instrument/sun.instrument.TransformerManager.transform(TransformerManager.java:188)
at java.instrument/sun.instrument.InstrumentationImpl.transform(InstrumentationImpl.java:610)
at java.instrument/sun.instrument.InstrumentationImpl.retransformClasses0(Native Method)
at java.instrument/sun.instrument.InstrumentationImpl.retransformClasses(InstrumentationImpl.java:225)
at org.mockito.internal.creation.bytebuddy.InlineBytecodeGenerator.triggerRetransformation(InlineBytecodeGenerator.java:281)
... 50 more
]]>
            </full-stacktrace>
          </exception> <!-- org.mockito.exceptions.base.MockitoException -->
          <reporter-output>
          </reporter-output>
        </test-method> <!-- setUp -->
        <test-method signature="testGetRoleText_NhanVien()[pri:0, instance:braces.controller.TaiKhoanControllerTest@4d1c00d0]" started-at="2026-03-03T22:59:00 GMT+07:00" name="testGetRoleText_NhanVien" finished-at="2026-03-03T22:59:00 GMT+07:00" duration-ms="0" status="SKIP">
          <exception class="org.mockito.exceptions.base.MockitoException">
            <message>
              <![CDATA[
Mockito cannot mock this class: interface braces.dao.TaiKhoanDAO.

If you're not sure why you're getting this error, please open an issue on GitHub.


Java               : 23
JVM vendor name    : Amazon.com Inc.
JVM vendor version : 23.0.2+7-FR
JVM name           : OpenJDK 64-Bit Server VM
JVM version        : 23.0.2+7-FR
JVM info           : mixed mode, sharing
OS name            : Windows 11
OS version         : 10.0


You are seeing this disclaimer because Mockito is configured to create inlined mocks.
You can learn about inline mocks and their limitations under item #39 of the Mockito class javadoc.

Underlying exception : org.mockito.exceptions.base.MockitoException: Could not modify all classes [interface braces.dao.TaiKhoanDAO, interface braces.dao.BaseDAO]]]>
            </message>
            <full-stacktrace>
              <![CDATA[org.mockito.exceptions.base.MockitoException: 
Mockito cannot mock this class: interface braces.dao.TaiKhoanDAO.

If you're not sure why you're getting this error, please open an issue on GitHub.


Java               : 23
JVM vendor name    : Amazon.com Inc.
JVM vendor version : 23.0.2+7-FR
JVM name           : OpenJDK 64-Bit Server VM
JVM version        : 23.0.2+7-FR
JVM info           : mixed mode, sharing
OS name            : Windows 11
OS version         : 10.0


You are seeing this disclaimer because Mockito is configured to create inlined mocks.
You can learn about inline mocks and their limitations under item #39 of the Mockito class javadoc.

Underlying exception : org.mockito.exceptions.base.MockitoException: Could not modify all classes [interface braces.dao.TaiKhoanDAO, interface braces.dao.BaseDAO]
at braces.controller.TaiKhoanControllerTest.setUp(TaiKhoanControllerTest.java:24)
at java.base/jdk.internal.reflect.DirectMethodHandleAccessor.invoke(DirectMethodHandleAccessor.java:103)
at java.base/java.lang.reflect.Method.invoke(Method.java:580)
at org.testng.internal.invokers.MethodInvocationHelper.invokeMethod(MethodInvocationHelper.java:139)
at org.testng.internal.invokers.MethodInvocationHelper.invokeMethodConsideringTimeout(MethodInvocationHelper.java:69)
at org.testng.internal.invokers.ConfigInvoker.invokeConfigurationMethod(ConfigInvoker.java:390)
at org.testng.internal.invokers.ConfigInvoker.invokeConfigurations(ConfigInvoker.java:325)
at org.testng.internal.invokers.TestInvoker.runConfigMethods(TestInvoker.java:810)
at org.testng.internal.invokers.TestInvoker.invokeMethod(TestInvoker.java:577)
at org.testng.internal.invokers.TestInvoker.invokeTestMethod(TestInvoker.java:227)
at org.testng.internal.invokers.MethodRunner.runInSequence(MethodRunner.java:50)
at org.testng.internal.invokers.TestInvoker$MethodInvocationAgent.invoke(TestInvoker.java:957)
at org.testng.internal.invokers.TestInvoker.invokeTestMethods(TestInvoker.java:200)
at org.testng.internal.invokers.TestMethodWorker.invokeTestMethods(TestMethodWorker.java:148)
at org.testng.internal.invokers.TestMethodWorker.run(TestMethodWorker.java:128)
at java.base/java.util.ArrayList.forEach(ArrayList.java:1597)
at org.testng.TestRunner.privateRun(TestRunner.java:848)
at org.testng.TestRunner.run(TestRunner.java:621)
at org.testng.SuiteRunner.runTest(SuiteRunner.java:443)
at org.testng.SuiteRunner.runSequentially(SuiteRunner.java:437)
at org.testng.SuiteRunner.privateRun(SuiteRunner.java:397)
at org.testng.SuiteRunner.run(SuiteRunner.java:336)
at org.testng.SuiteRunnerWorker.runSuite(SuiteRunnerWorker.java:52)
at org.testng.SuiteRunnerWorker.run(SuiteRunnerWorker.java:95)
at org.testng.TestNG.runSuitesSequentially(TestNG.java:1280)
at org.testng.TestNG.runSuitesLocally(TestNG.java:1200)
at org.testng.TestNG.runSuites(TestNG.java:1114)
at org.testng.TestNG.run(TestNG.java:1082)
at org.apache.maven.surefire.testng.TestNGExecutor.run(TestNGExecutor.java:308)
at org.apache.maven.surefire.testng.TestNGXmlTestSuite.execute(TestNGXmlTestSuite.java:71)
at org.apache.maven.surefire.testng.TestNGProvider.invoke(TestNGProvider.java:113)
at org.apache.maven.surefire.booter.ForkedBooter.runSuitesInProcess(ForkedBooter.java:385)
at org.apache.maven.surefire.booter.ForkedBooter.execute(ForkedBooter.java:162)
at org.apache.maven.surefire.booter.ForkedBooter.run(ForkedBooter.java:507)
at org.apache.maven.surefire.booter.ForkedBooter.main(ForkedBooter.java:495)
Caused by: org.mockito.exceptions.base.MockitoException: Could not modify all classes [interface braces.dao.TaiKhoanDAO, interface braces.dao.BaseDAO]
at net.bytebuddy.TypeCache.findOrInsert(TypeCache.java:168)
at net.bytebuddy.TypeCache$WithInlineExpunction.findOrInsert(TypeCache.java:399)
at net.bytebuddy.TypeCache.findOrInsert(TypeCache.java:190)
at net.bytebuddy.TypeCache$WithInlineExpunction.findOrInsert(TypeCache.java:410)
... 35 more
Caused by: java.lang.IllegalStateException: 
Byte Buddy could not instrument all classes within the mock's type hierarchy

This problem should never occur for javac-compiled classes. This problem has been observed for classes that are:
 - Compiled by older versions of scalac
 - Classes that are part of the Android distribution
at org.mockito.internal.creation.bytebuddy.InlineBytecodeGenerator.triggerRetransformation(InlineBytecodeGenerator.java:285)
at org.mockito.internal.creation.bytebuddy.InlineBytecodeGenerator.mockClass(InlineBytecodeGenerator.java:218)
at org.mockito.internal.creation.bytebuddy.TypeCachingBytecodeGenerator.lambda$mockClass$0(TypeCachingBytecodeGenerator.java:78)
at net.bytebuddy.TypeCache.findOrInsert(TypeCache.java:168)
at net.bytebuddy.TypeCache$WithInlineExpunction.findOrInsert(TypeCache.java:399)
at net.bytebuddy.TypeCache.findOrInsert(TypeCache.java:190)
at net.bytebuddy.TypeCache$WithInlineExpunction.findOrInsert(TypeCache.java:410)
at org.mockito.internal.creation.bytebuddy.TypeCachingBytecodeGenerator.mockClass(TypeCachingBytecodeGenerator.java:75)
at org.mockito.internal.creation.bytebuddy.InlineDelegateByteBuddyMockMaker.createMockType(InlineDelegateByteBuddyMockMaker.java:396)
at org.mockito.internal.creation.bytebuddy.InlineDelegateByteBuddyMockMaker.doCreateMock(InlineDelegateByteBuddyMockMaker.java:355)
at org.mockito.internal.creation.bytebuddy.InlineDelegateByteBuddyMockMaker.createMock(InlineDelegateByteBuddyMockMaker.java:334)
at org.mockito.internal.creation.bytebuddy.InlineByteBuddyMockMaker.createMock(InlineByteBuddyMockMaker.java:56)
at org.mockito.internal.util.MockUtil.createMock(MockUtil.java:99)
at org.mockito.internal.MockitoCore.mock(MockitoCore.java:88)
at org.mockito.Mockito.mock(Mockito.java:2101)
at org.mockito.Mockito.mock(Mockito.java:2016)
... 35 more
Caused by: java.lang.IllegalArgumentException: Java 23 (67) is not supported by the current version of Byte Buddy which officially supports Java 21 (65) - update Byte Buddy or set net.bytebuddy.experimental as a VM property
at net.bytebuddy.utility.OpenedClassReader.of(OpenedClassReader.java:96)
at net.bytebuddy.dynamic.scaffold.TypeWriter$Default$ForInlining.create(TypeWriter.java:4011)
at net.bytebuddy.dynamic.scaffold.TypeWriter$Default.make(TypeWriter.java:2224)
at net.bytebuddy.dynamic.DynamicType$Builder$AbstractBase$UsingTypeWriter.make(DynamicType.java:4055)
at net.bytebuddy.dynamic.DynamicType$Builder$AbstractBase.make(DynamicType.java:3739)
at org.mockito.internal.creation.bytebuddy.InlineBytecodeGenerator.transform(InlineBytecodeGenerator.java:402)
at java.instrument/java.lang.instrument.ClassFileTransformer.transform(ClassFileTransformer.java:242)
at java.instrument/sun.instrument.TransformerManager.transform(TransformerManager.java:188)
at java.instrument/sun.instrument.InstrumentationImpl.transform(InstrumentationImpl.java:610)
at java.instrument/sun.instrument.InstrumentationImpl.retransformClasses0(Native Method)
at java.instrument/sun.instrument.InstrumentationImpl.retransformClasses(InstrumentationImpl.java:225)
at org.mockito.internal.creation.bytebuddy.InlineBytecodeGenerator.triggerRetransformation(InlineBytecodeGenerator.java:281)
... 50 more
]]>
            </full-stacktrace>
          </exception> <!-- org.mockito.exceptions.base.MockitoException -->
          <reporter-output>
          </reporter-output>
        </test-method> <!-- testGetRoleText_NhanVien -->
        <test-method signature="testGetRoleText_Admin()[pri:0, instance:braces.controller.TaiKhoanControllerTest@4d1c00d0]" started-at="2026-03-03T22:59:00 GMT+07:00" name="testGetRoleText_Admin" finished-at="2026-03-03T22:59:00 GMT+07:00" duration-ms="0" status="SKIP">
          <exception class="org.mockito.exceptions.base.MockitoException">
            <message>
              <![CDATA[
Mockito cannot mock this class: interface braces.dao.TaiKhoanDAO.

If you're not sure why you're getting this error, please open an issue on GitHub.


Java               : 23
JVM vendor name    : Amazon.com Inc.
JVM vendor version : 23.0.2+7-FR
JVM name           : OpenJDK 64-Bit Server VM
JVM version        : 23.0.2+7-FR
JVM info           : mixed mode, sharing
OS name            : Windows 11
OS version         : 10.0


You are seeing this disclaimer because Mockito is configured to create inlined mocks.
You can learn about inline mocks and their limitations under item #39 of the Mockito class javadoc.

Underlying exception : org.mockito.exceptions.base.MockitoException: Could not modify all classes [interface braces.dao.TaiKhoanDAO, interface braces.dao.BaseDAO]]]>
            </message>
            <full-stacktrace>
              <![CDATA[org.mockito.exceptions.base.MockitoException: 
Mockito cannot mock this class: interface braces.dao.TaiKhoanDAO.

If you're not sure why you're getting this error, please open an issue on GitHub.


Java               : 23
JVM vendor name    : Amazon.com Inc.
JVM vendor version : 23.0.2+7-FR
JVM name           : OpenJDK 64-Bit Server VM
JVM version        : 23.0.2+7-FR
JVM info           : mixed mode, sharing
OS name            : Windows 11
OS version         : 10.0


You are seeing this disclaimer because Mockito is configured to create inlined mocks.
You can learn about inline mocks and their limitations under item #39 of the Mockito class javadoc.

Underlying exception : org.mockito.exceptions.base.MockitoException: Could not modify all classes [interface braces.dao.TaiKhoanDAO, interface braces.dao.BaseDAO]
at braces.controller.TaiKhoanControllerTest.setUp(TaiKhoanControllerTest.java:24)
at java.base/jdk.internal.reflect.DirectMethodHandleAccessor.invoke(DirectMethodHandleAccessor.java:103)
at java.base/java.lang.reflect.Method.invoke(Method.java:580)
at org.testng.internal.invokers.MethodInvocationHelper.invokeMethod(MethodInvocationHelper.java:139)
at org.testng.internal.invokers.MethodInvocationHelper.invokeMethodConsideringTimeout(MethodInvocationHelper.java:69)
at org.testng.internal.invokers.ConfigInvoker.invokeConfigurationMethod(ConfigInvoker.java:390)
at org.testng.internal.invokers.ConfigInvoker.invokeConfigurations(ConfigInvoker.java:325)
at org.testng.internal.invokers.TestInvoker.runConfigMethods(TestInvoker.java:810)
at org.testng.internal.invokers.TestInvoker.invokeMethod(TestInvoker.java:577)
at org.testng.internal.invokers.TestInvoker.invokeTestMethod(TestInvoker.java:227)
at org.testng.internal.invokers.MethodRunner.runInSequence(MethodRunner.java:50)
at org.testng.internal.invokers.TestInvoker$MethodInvocationAgent.invoke(TestInvoker.java:957)
at org.testng.internal.invokers.TestInvoker.invokeTestMethods(TestInvoker.java:200)
at org.testng.internal.invokers.TestMethodWorker.invokeTestMethods(TestMethodWorker.java:148)
at org.testng.internal.invokers.TestMethodWorker.run(TestMethodWorker.java:128)
at java.base/java.util.ArrayList.forEach(ArrayList.java:1597)
at org.testng.TestRunner.privateRun(TestRunner.java:848)
at org.testng.TestRunner.run(TestRunner.java:621)
at org.testng.SuiteRunner.runTest(SuiteRunner.java:443)
at org.testng.SuiteRunner.runSequentially(SuiteRunner.java:437)
at org.testng.SuiteRunner.privateRun(SuiteRunner.java:397)
at org.testng.SuiteRunner.run(SuiteRunner.java:336)
at org.testng.SuiteRunnerWorker.runSuite(SuiteRunnerWorker.java:52)
at org.testng.SuiteRunnerWorker.run(SuiteRunnerWorker.java:95)
at org.testng.TestNG.runSuitesSequentially(TestNG.java:1280)
at org.testng.TestNG.runSuitesLocally(TestNG.java:1200)
at org.testng.TestNG.runSuites(TestNG.java:1114)
at org.testng.TestNG.run(TestNG.java:1082)
at org.apache.maven.surefire.testng.TestNGExecutor.run(TestNGExecutor.java:308)
at org.apache.maven.surefire.testng.TestNGXmlTestSuite.execute(TestNGXmlTestSuite.java:71)
at org.apache.maven.surefire.testng.TestNGProvider.invoke(TestNGProvider.java:113)
at org.apache.maven.surefire.booter.ForkedBooter.runSuitesInProcess(ForkedBooter.java:385)
at org.apache.maven.surefire.booter.ForkedBooter.execute(ForkedBooter.java:162)
at org.apache.maven.surefire.booter.ForkedBooter.run(ForkedBooter.java:507)
at org.apache.maven.surefire.booter.ForkedBooter.main(ForkedBooter.java:495)
Caused by: org.mockito.exceptions.base.MockitoException: Could not modify all classes [interface braces.dao.TaiKhoanDAO, interface braces.dao.BaseDAO]
at net.bytebuddy.TypeCache.findOrInsert(TypeCache.java:168)
at net.bytebuddy.TypeCache$WithInlineExpunction.findOrInsert(TypeCache.java:399)
at net.bytebuddy.TypeCache.findOrInsert(TypeCache.java:190)
at net.bytebuddy.TypeCache$WithInlineExpunction.findOrInsert(TypeCache.java:410)
... 35 more
Caused by: java.lang.IllegalStateException: 
Byte Buddy could not instrument all classes within the mock's type hierarchy

This problem should never occur for javac-compiled classes. This problem has been observed for classes that are:
 - Compiled by older versions of scalac
 - Classes that are part of the Android distribution
at org.mockito.internal.creation.bytebuddy.InlineBytecodeGenerator.triggerRetransformation(InlineBytecodeGenerator.java:285)
at org.mockito.internal.creation.bytebuddy.InlineBytecodeGenerator.mockClass(InlineBytecodeGenerator.java:218)
at org.mockito.internal.creation.bytebuddy.TypeCachingBytecodeGenerator.lambda$mockClass$0(TypeCachingBytecodeGenerator.java:78)
at net.bytebuddy.TypeCache.findOrInsert(TypeCache.java:168)
at net.bytebuddy.TypeCache$WithInlineExpunction.findOrInsert(TypeCache.java:399)
at net.bytebuddy.TypeCache.findOrInsert(TypeCache.java:190)
at net.bytebuddy.TypeCache$WithInlineExpunction.findOrInsert(TypeCache.java:410)
at org.mockito.internal.creation.bytebuddy.TypeCachingBytecodeGenerator.mockClass(TypeCachingBytecodeGenerator.java:75)
at org.mockito.internal.creation.bytebuddy.InlineDelegateByteBuddyMockMaker.createMockType(InlineDelegateByteBuddyMockMaker.java:396)
at org.mockito.internal.creation.bytebuddy.InlineDelegateByteBuddyMockMaker.doCreateMock(InlineDelegateByteBuddyMockMaker.java:355)
at org.mockito.internal.creation.bytebuddy.InlineDelegateByteBuddyMockMaker.createMock(InlineDelegateByteBuddyMockMaker.java:334)
at org.mockito.internal.creation.bytebuddy.InlineByteBuddyMockMaker.createMock(InlineByteBuddyMockMaker.java:56)
at org.mockito.internal.util.MockUtil.createMock(MockUtil.java:99)
at org.mockito.internal.MockitoCore.mock(MockitoCore.java:88)
at org.mockito.Mockito.mock(Mockito.java:2101)
at org.mockito.Mockito.mock(Mockito.java:2016)
... 35 more
Caused by: java.lang.IllegalArgumentException: Java 23 (67) is not supported by the current version of Byte Buddy which officially supports Java 21 (65) - update Byte Buddy or set net.bytebuddy.experimental as a VM property
at net.bytebuddy.utility.OpenedClassReader.of(OpenedClassReader.java:96)
at net.bytebuddy.dynamic.scaffold.TypeWriter$Default$ForInlining.create(TypeWriter.java:4011)
at net.bytebuddy.dynamic.scaffold.TypeWriter$Default.make(TypeWriter.java:2224)
at net.bytebuddy.dynamic.DynamicType$Builder$AbstractBase$UsingTypeWriter.make(DynamicType.java:4055)
at net.bytebuddy.dynamic.DynamicType$Builder$AbstractBase.make(DynamicType.java:3739)
at org.mockito.internal.creation.bytebuddy.InlineBytecodeGenerator.transform(InlineBytecodeGenerator.java:402)
at java.instrument/java.lang.instrument.ClassFileTransformer.transform(ClassFileTransformer.java:242)
at java.instrument/sun.instrument.TransformerManager.transform(TransformerManager.java:188)
at java.instrument/sun.instrument.InstrumentationImpl.transform(InstrumentationImpl.java:610)
at java.instrument/sun.instrument.InstrumentationImpl.retransformClasses0(Native Method)
at java.instrument/sun.instrument.InstrumentationImpl.retransformClasses(InstrumentationImpl.java:225)
at org.mockito.internal.creation.bytebuddy.InlineBytecodeGenerator.triggerRetransformation(InlineBytecodeGenerator.java:281)
... 50 more
]]>
            </full-stacktrace>
          </exception> <!-- org.mockito.exceptions.base.MockitoException -->
          <reporter-output>
          </reporter-output>
        </test-method> <!-- testGetRoleText_Admin -->
        <test-method is-config="true" signature="setUp()[pri:0, instance:braces.controller.TaiKhoanControllerTest@4d1c00d0]" started-at="2026-03-03T22:59:00 GMT+07:00" name="setUp" finished-at="2026-03-03T22:59:00 GMT+07:00" duration-ms="0" status="SKIP">
          <reporter-output>
          </reporter-output>
        </test-method> <!-- setUp -->
        <test-method signature="testGetSearchTable_SearchName()[pri:0, instance:braces.controller.TaiKhoanControllerTest@4d1c00d0]" started-at="2026-03-03T22:59:00 GMT+07:00" name="testGetSearchTable_SearchName" finished-at="2026-03-03T22:59:00 GMT+07:00" duration-ms="0" status="SKIP">
          <exception class="org.mockito.exceptions.base.MockitoException">
            <message>
              <![CDATA[
Mockito cannot mock this class: interface braces.dao.TaiKhoanDAO.

If you're not sure why you're getting this error, please open an issue on GitHub.


Java               : 23
JVM vendor name    : Amazon.com Inc.
JVM vendor version : 23.0.2+7-FR
JVM name           : OpenJDK 64-Bit Server VM
JVM version        : 23.0.2+7-FR
JVM info           : mixed mode, sharing
OS name            : Windows 11
OS version         : 10.0


You are seeing this disclaimer because Mockito is configured to create inlined mocks.
You can learn about inline mocks and their limitations under item #39 of the Mockito class javadoc.

Underlying exception : org.mockito.exceptions.base.MockitoException: Could not modify all classes [interface braces.dao.TaiKhoanDAO, interface braces.dao.BaseDAO]]]>
            </message>
            <full-stacktrace>
              <![CDATA[org.mockito.exceptions.base.MockitoException: 
Mockito cannot mock this class: interface braces.dao.TaiKhoanDAO.

If you're not sure why you're getting this error, please open an issue on GitHub.


Java               : 23
JVM vendor name    : Amazon.com Inc.
JVM vendor version : 23.0.2+7-FR
JVM name           : OpenJDK 64-Bit Server VM
JVM version        : 23.0.2+7-FR
JVM info           : mixed mode, sharing
OS name            : Windows 11
OS version         : 10.0


You are seeing this disclaimer because Mockito is configured to create inlined mocks.
You can learn about inline mocks and their limitations under item #39 of the Mockito class javadoc.

Underlying exception : org.mockito.exceptions.base.MockitoException: Could not modify all classes [interface braces.dao.TaiKhoanDAO, interface braces.dao.BaseDAO]
at braces.controller.TaiKhoanControllerTest.setUp(TaiKhoanControllerTest.java:24)
at java.base/jdk.internal.reflect.DirectMethodHandleAccessor.invoke(DirectMethodHandleAccessor.java:103)
at java.base/java.lang.reflect.Method.invoke(Method.java:580)
at org.testng.internal.invokers.MethodInvocationHelper.invokeMethod(MethodInvocationHelper.java:139)
at org.testng.internal.invokers.MethodInvocationHelper.invokeMethodConsideringTimeout(MethodInvocationHelper.java:69)
at org.testng.internal.invokers.ConfigInvoker.invokeConfigurationMethod(ConfigInvoker.java:390)
at org.testng.internal.invokers.ConfigInvoker.invokeConfigurations(ConfigInvoker.java:325)
at org.testng.internal.invokers.TestInvoker.runConfigMethods(TestInvoker.java:810)
at org.testng.internal.invokers.TestInvoker.invokeMethod(TestInvoker.java:577)
at org.testng.internal.invokers.TestInvoker.invokeTestMethod(TestInvoker.java:227)
at org.testng.internal.invokers.MethodRunner.runInSequence(MethodRunner.java:50)
at org.testng.internal.invokers.TestInvoker$MethodInvocationAgent.invoke(TestInvoker.java:957)
at org.testng.internal.invokers.TestInvoker.invokeTestMethods(TestInvoker.java:200)
at org.testng.internal.invokers.TestMethodWorker.invokeTestMethods(TestMethodWorker.java:148)
at org.testng.internal.invokers.TestMethodWorker.run(TestMethodWorker.java:128)
at java.base/java.util.ArrayList.forEach(ArrayList.java:1597)
at org.testng.TestRunner.privateRun(TestRunner.java:848)
at org.testng.TestRunner.run(TestRunner.java:621)
at org.testng.SuiteRunner.runTest(SuiteRunner.java:443)
at org.testng.SuiteRunner.runSequentially(SuiteRunner.java:437)
at org.testng.SuiteRunner.privateRun(SuiteRunner.java:397)
at org.testng.SuiteRunner.run(SuiteRunner.java:336)
at org.testng.SuiteRunnerWorker.runSuite(SuiteRunnerWorker.java:52)
at org.testng.SuiteRunnerWorker.run(SuiteRunnerWorker.java:95)
at org.testng.TestNG.runSuitesSequentially(TestNG.java:1280)
at org.testng.TestNG.runSuitesLocally(TestNG.java:1200)
at org.testng.TestNG.runSuites(TestNG.java:1114)
at org.testng.TestNG.run(TestNG.java:1082)
at org.apache.maven.surefire.testng.TestNGExecutor.run(TestNGExecutor.java:308)
at org.apache.maven.surefire.testng.TestNGXmlTestSuite.execute(TestNGXmlTestSuite.java:71)
at org.apache.maven.surefire.testng.TestNGProvider.invoke(TestNGProvider.java:113)
at org.apache.maven.surefire.booter.ForkedBooter.runSuitesInProcess(ForkedBooter.java:385)
at org.apache.maven.surefire.booter.ForkedBooter.execute(ForkedBooter.java:162)
at org.apache.maven.surefire.booter.ForkedBooter.run(ForkedBooter.java:507)
at org.apache.maven.surefire.booter.ForkedBooter.main(ForkedBooter.java:495)
Caused by: org.mockito.exceptions.base.MockitoException: Could not modify all classes [interface braces.dao.TaiKhoanDAO, interface braces.dao.BaseDAO]
at net.bytebuddy.TypeCache.findOrInsert(TypeCache.java:168)
at net.bytebuddy.TypeCache$WithInlineExpunction.findOrInsert(TypeCache.java:399)
at net.bytebuddy.TypeCache.findOrInsert(TypeCache.java:190)
at net.bytebuddy.TypeCache$WithInlineExpunction.findOrInsert(TypeCache.java:410)
... 35 more
Caused by: java.lang.IllegalStateException: 
Byte Buddy could not instrument all classes within the mock's type hierarchy

This problem should never occur for javac-compiled classes. This problem has been observed for classes that are:
 - Compiled by older versions of scalac
 - Classes that are part of the Android distribution
at org.mockito.internal.creation.bytebuddy.InlineBytecodeGenerator.triggerRetransformation(InlineBytecodeGenerator.java:285)
at org.mockito.internal.creation.bytebuddy.InlineBytecodeGenerator.mockClass(InlineBytecodeGenerator.java:218)
at org.mockito.internal.creation.bytebuddy.TypeCachingBytecodeGenerator.lambda$mockClass$0(TypeCachingBytecodeGenerator.java:78)
at net.bytebuddy.TypeCache.findOrInsert(TypeCache.java:168)
at net.bytebuddy.TypeCache$WithInlineExpunction.findOrInsert(TypeCache.java:399)
at net.bytebuddy.TypeCache.findOrInsert(TypeCache.java:190)
at net.bytebuddy.TypeCache$WithInlineExpunction.findOrInsert(TypeCache.java:410)
at org.mockito.internal.creation.bytebuddy.TypeCachingBytecodeGenerator.mockClass(TypeCachingBytecodeGenerator.java:75)
at org.mockito.internal.creation.bytebuddy.InlineDelegateByteBuddyMockMaker.createMockType(InlineDelegateByteBuddyMockMaker.java:396)
at org.mockito.internal.creation.bytebuddy.InlineDelegateByteBuddyMockMaker.doCreateMock(InlineDelegateByteBuddyMockMaker.java:355)
at org.mockito.internal.creation.bytebuddy.InlineDelegateByteBuddyMockMaker.createMock(InlineDelegateByteBuddyMockMaker.java:334)
at org.mockito.internal.creation.bytebuddy.InlineByteBuddyMockMaker.createMock(InlineByteBuddyMockMaker.java:56)
at org.mockito.internal.util.MockUtil.createMock(MockUtil.java:99)
at org.mockito.internal.MockitoCore.mock(MockitoCore.java:88)
at org.mockito.Mockito.mock(Mockito.java:2101)
at org.mockito.Mockito.mock(Mockito.java:2016)
... 35 more
Caused by: java.lang.IllegalArgumentException: Java 23 (67) is not supported by the current version of Byte Buddy which officially supports Java 21 (65) - update Byte Buddy or set net.bytebuddy.experimental as a VM property
at net.bytebuddy.utility.OpenedClassReader.of(OpenedClassReader.java:96)
at net.bytebuddy.dynamic.scaffold.TypeWriter$Default$ForInlining.create(TypeWriter.java:4011)
at net.bytebuddy.dynamic.scaffold.TypeWriter$Default.make(TypeWriter.java:2224)
at net.bytebuddy.dynamic.DynamicType$Builder$AbstractBase$UsingTypeWriter.make(DynamicType.java:4055)
at net.bytebuddy.dynamic.DynamicType$Builder$AbstractBase.make(DynamicType.java:3739)
at org.mockito.internal.creation.bytebuddy.InlineBytecodeGenerator.transform(InlineBytecodeGenerator.java:402)
at java.instrument/java.lang.instrument.ClassFileTransformer.transform(ClassFileTransformer.java:242)
at java.instrument/sun.instrument.TransformerManager.transform(TransformerManager.java:188)
at java.instrument/sun.instrument.InstrumentationImpl.transform(InstrumentationImpl.java:610)
at java.instrument/sun.instrument.InstrumentationImpl.retransformClasses0(Native Method)
at java.instrument/sun.instrument.InstrumentationImpl.retransformClasses(InstrumentationImpl.java:225)
at org.mockito.internal.creation.bytebuddy.InlineBytecodeGenerator.triggerRetransformation(InlineBytecodeGenerator.java:281)
... 50 more
]]>
            </full-stacktrace>
          </exception> <!-- org.mockito.exceptions.base.MockitoException -->
          <reporter-output>
          </reporter-output>
        </test-method> <!-- testGetSearchTable_SearchName -->
        <test-method signature="testGetRole_Default()[pri:0, instance:braces.controller.TaiKhoanControllerTest@4d1c00d0]" started-at="2026-03-03T22:59:00 GMT+07:00" name="testGetRole_Default" finished-at="2026-03-03T22:59:00 GMT+07:00" duration-ms="0" status="SKIP">
          <exception class="org.mockito.exceptions.base.MockitoException">
            <message>
              <![CDATA[
Mockito cannot mock this class: interface braces.dao.TaiKhoanDAO.

If you're not sure why you're getting this error, please open an issue on GitHub.


Java               : 23
JVM vendor name    : Amazon.com Inc.
JVM vendor version : 23.0.2+7-FR
JVM name           : OpenJDK 64-Bit Server VM
JVM version        : 23.0.2+7-FR
JVM info           : mixed mode, sharing
OS name            : Windows 11
OS version         : 10.0


You are seeing this disclaimer because Mockito is configured to create inlined mocks.
You can learn about inline mocks and their limitations under item #39 of the Mockito class javadoc.

Underlying exception : org.mockito.exceptions.base.MockitoException: Could not modify all classes [interface braces.dao.TaiKhoanDAO, interface braces.dao.BaseDAO]]]>
            </message>
            <full-stacktrace>
              <![CDATA[org.mockito.exceptions.base.MockitoException: 
Mockito cannot mock this class: interface braces.dao.TaiKhoanDAO.

If you're not sure why you're getting this error, please open an issue on GitHub.


Java               : 23
JVM vendor name    : Amazon.com Inc.
JVM vendor version : 23.0.2+7-FR
JVM name           : OpenJDK 64-Bit Server VM
JVM version        : 23.0.2+7-FR
JVM info           : mixed mode, sharing
OS name            : Windows 11
OS version         : 10.0


You are seeing this disclaimer because Mockito is configured to create inlined mocks.
You can learn about inline mocks and their limitations under item #39 of the Mockito class javadoc.

Underlying exception : org.mockito.exceptions.base.MockitoException: Could not modify all classes [interface braces.dao.TaiKhoanDAO, interface braces.dao.BaseDAO]
at braces.controller.TaiKhoanControllerTest.setUp(TaiKhoanControllerTest.java:24)
at java.base/jdk.internal.reflect.DirectMethodHandleAccessor.invoke(DirectMethodHandleAccessor.java:103)
at java.base/java.lang.reflect.Method.invoke(Method.java:580)
at org.testng.internal.invokers.MethodInvocationHelper.invokeMethod(MethodInvocationHelper.java:139)
at org.testng.internal.invokers.MethodInvocationHelper.invokeMethodConsideringTimeout(MethodInvocationHelper.java:69)
at org.testng.internal.invokers.ConfigInvoker.invokeConfigurationMethod(ConfigInvoker.java:390)
at org.testng.internal.invokers.ConfigInvoker.invokeConfigurations(ConfigInvoker.java:325)
at org.testng.internal.invokers.TestInvoker.runConfigMethods(TestInvoker.java:810)
at org.testng.internal.invokers.TestInvoker.invokeMethod(TestInvoker.java:577)
at org.testng.internal.invokers.TestInvoker.invokeTestMethod(TestInvoker.java:227)
at org.testng.internal.invokers.MethodRunner.runInSequence(MethodRunner.java:50)
at org.testng.internal.invokers.TestInvoker$MethodInvocationAgent.invoke(TestInvoker.java:957)
at org.testng.internal.invokers.TestInvoker.invokeTestMethods(TestInvoker.java:200)
at org.testng.internal.invokers.TestMethodWorker.invokeTestMethods(TestMethodWorker.java:148)
at org.testng.internal.invokers.TestMethodWorker.run(TestMethodWorker.java:128)
at java.base/java.util.ArrayList.forEach(ArrayList.java:1597)
at org.testng.TestRunner.privateRun(TestRunner.java:848)
at org.testng.TestRunner.run(TestRunner.java:621)
at org.testng.SuiteRunner.runTest(SuiteRunner.java:443)
at org.testng.SuiteRunner.runSequentially(SuiteRunner.java:437)
at org.testng.SuiteRunner.privateRun(SuiteRunner.java:397)
at org.testng.SuiteRunner.run(SuiteRunner.java:336)
at org.testng.SuiteRunnerWorker.runSuite(SuiteRunnerWorker.java:52)
at org.testng.SuiteRunnerWorker.run(SuiteRunnerWorker.java:95)
at org.testng.TestNG.runSuitesSequentially(TestNG.java:1280)
at org.testng.TestNG.runSuitesLocally(TestNG.java:1200)
at org.testng.TestNG.runSuites(TestNG.java:1114)
at org.testng.TestNG.run(TestNG.java:1082)
at org.apache.maven.surefire.testng.TestNGExecutor.run(TestNGExecutor.java:308)
at org.apache.maven.surefire.testng.TestNGXmlTestSuite.execute(TestNGXmlTestSuite.java:71)
at org.apache.maven.surefire.testng.TestNGProvider.invoke(TestNGProvider.java:113)
at org.apache.maven.surefire.booter.ForkedBooter.runSuitesInProcess(ForkedBooter.java:385)
at org.apache.maven.surefire.booter.ForkedBooter.execute(ForkedBooter.java:162)
at org.apache.maven.surefire.booter.ForkedBooter.run(ForkedBooter.java:507)
at org.apache.maven.surefire.booter.ForkedBooter.main(ForkedBooter.java:495)
Caused by: org.mockito.exceptions.base.MockitoException: Could not modify all classes [interface braces.dao.TaiKhoanDAO, interface braces.dao.BaseDAO]
at net.bytebuddy.TypeCache.findOrInsert(TypeCache.java:168)
at net.bytebuddy.TypeCache$WithInlineExpunction.findOrInsert(TypeCache.java:399)
at net.bytebuddy.TypeCache.findOrInsert(TypeCache.java:190)
at net.bytebuddy.TypeCache$WithInlineExpunction.findOrInsert(TypeCache.java:410)
... 35 more
Caused by: java.lang.IllegalStateException: 
Byte Buddy could not instrument all classes within the mock's type hierarchy

This problem should never occur for javac-compiled classes. This problem has been observed for classes that are:
 - Compiled by older versions of scalac
 - Classes that are part of the Android distribution
at org.mockito.internal.creation.bytebuddy.InlineBytecodeGenerator.triggerRetransformation(InlineBytecodeGenerator.java:285)
at org.mockito.internal.creation.bytebuddy.InlineBytecodeGenerator.mockClass(InlineBytecodeGenerator.java:218)
at org.mockito.internal.creation.bytebuddy.TypeCachingBytecodeGenerator.lambda$mockClass$0(TypeCachingBytecodeGenerator.java:78)
at net.bytebuddy.TypeCache.findOrInsert(TypeCache.java:168)
at net.bytebuddy.TypeCache$WithInlineExpunction.findOrInsert(TypeCache.java:399)
at net.bytebuddy.TypeCache.findOrInsert(TypeCache.java:190)
at net.bytebuddy.TypeCache$WithInlineExpunction.findOrInsert(TypeCache.java:410)
at org.mockito.internal.creation.bytebuddy.TypeCachingBytecodeGenerator.mockClass(TypeCachingBytecodeGenerator.java:75)
at org.mockito.internal.creation.bytebuddy.InlineDelegateByteBuddyMockMaker.createMockType(InlineDelegateByteBuddyMockMaker.java:396)
at org.mockito.internal.creation.bytebuddy.InlineDelegateByteBuddyMockMaker.doCreateMock(InlineDelegateByteBuddyMockMaker.java:355)
at org.mockito.internal.creation.bytebuddy.InlineDelegateByteBuddyMockMaker.createMock(InlineDelegateByteBuddyMockMaker.java:334)
at org.mockito.internal.creation.bytebuddy.InlineByteBuddyMockMaker.createMock(InlineByteBuddyMockMaker.java:56)
at org.mockito.internal.util.MockUtil.createMock(MockUtil.java:99)
at org.mockito.internal.MockitoCore.mock(MockitoCore.java:88)
at org.mockito.Mockito.mock(Mockito.java:2101)
at org.mockito.Mockito.mock(Mockito.java:2016)
... 35 more
Caused by: java.lang.IllegalArgumentException: Java 23 (67) is not supported by the current version of Byte Buddy which officially supports Java 21 (65) - update Byte Buddy or set net.bytebuddy.experimental as a VM property
at net.bytebuddy.utility.OpenedClassReader.of(OpenedClassReader.java:96)
at net.bytebuddy.dynamic.scaffold.TypeWriter$Default$ForInlining.create(TypeWriter.java:4011)
at net.bytebuddy.dynamic.scaffold.TypeWriter$Default.make(TypeWriter.java:2224)
at net.bytebuddy.dynamic.DynamicType$Builder$AbstractBase$UsingTypeWriter.make(DynamicType.java:4055)
at net.bytebuddy.dynamic.DynamicType$Builder$AbstractBase.make(DynamicType.java:3739)
at org.mockito.internal.creation.bytebuddy.InlineBytecodeGenerator.transform(InlineBytecodeGenerator.java:402)
at java.instrument/java.lang.instrument.ClassFileTransformer.transform(ClassFileTransformer.java:242)
at java.instrument/sun.instrument.TransformerManager.transform(TransformerManager.java:188)
at java.instrument/sun.instrument.InstrumentationImpl.transform(InstrumentationImpl.java:610)
at java.instrument/sun.instrument.InstrumentationImpl.retransformClasses0(Native Method)
at java.instrument/sun.instrument.InstrumentationImpl.retransformClasses(InstrumentationImpl.java:225)
at org.mockito.internal.creation.bytebuddy.InlineBytecodeGenerator.triggerRetransformation(InlineBytecodeGenerator.java:281)
... 50 more
]]>
            </full-stacktrace>
          </exception> <!-- org.mockito.exceptions.base.MockitoException -->
          <reporter-output>
          </reporter-output>
        </test-method> <!-- testGetRole_Default -->
        <test-method is-config="true" signature="setUp()[pri:0, instance:braces.controller.TaiKhoanControllerTest@4d1c00d0]" started-at="2026-03-03T22:59:00 GMT+07:00" name="setUp" finished-at="2026-03-03T22:59:00 GMT+07:00" duration-ms="0" status="SKIP">
          <reporter-output>
          </reporter-output>
        </test-method> <!-- setUp -->
        <test-method is-config="true" signature="setUp()[pri:0, instance:braces.controller.TaiKhoanControllerTest@4d1c00d0]" started-at="2026-03-03T22:59:00 GMT+07:00" name="setUp" finished-at="2026-03-03T22:59:00 GMT+07:00" duration-ms="0" status="SKIP">
          <reporter-output>
          </reporter-output>
        </test-method> <!-- setUp -->
        <test-method signature="testGetTrangThaiText_HoatDong()[pri:0, instance:braces.controller.TaiKhoanControllerTest@4d1c00d0]" started-at="2026-03-03T22:59:00 GMT+07:00" name="testGetTrangThaiText_HoatDong" finished-at="2026-03-03T22:59:00 GMT+07:00" duration-ms="0" status="SKIP">
          <exception class="org.mockito.exceptions.base.MockitoException">
            <message>
              <![CDATA[
Mockito cannot mock this class: interface braces.dao.TaiKhoanDAO.

If you're not sure why you're getting this error, please open an issue on GitHub.


Java               : 23
JVM vendor name    : Amazon.com Inc.
JVM vendor version : 23.0.2+7-FR
JVM name           : OpenJDK 64-Bit Server VM
JVM version        : 23.0.2+7-FR
JVM info           : mixed mode, sharing
OS name            : Windows 11
OS version         : 10.0


You are seeing this disclaimer because Mockito is configured to create inlined mocks.
You can learn about inline mocks and their limitations under item #39 of the Mockito class javadoc.

Underlying exception : org.mockito.exceptions.base.MockitoException: Could not modify all classes [interface braces.dao.TaiKhoanDAO, interface braces.dao.BaseDAO]]]>
            </message>
            <full-stacktrace>
              <![CDATA[org.mockito.exceptions.base.MockitoException: 
Mockito cannot mock this class: interface braces.dao.TaiKhoanDAO.

If you're not sure why you're getting this error, please open an issue on GitHub.


Java               : 23
JVM vendor name    : Amazon.com Inc.
JVM vendor version : 23.0.2+7-FR
JVM name           : OpenJDK 64-Bit Server VM
JVM version        : 23.0.2+7-FR
JVM info           : mixed mode, sharing
OS name            : Windows 11
OS version         : 10.0


You are seeing this disclaimer because Mockito is configured to create inlined mocks.
You can learn about inline mocks and their limitations under item #39 of the Mockito class javadoc.

Underlying exception : org.mockito.exceptions.base.MockitoException: Could not modify all classes [interface braces.dao.TaiKhoanDAO, interface braces.dao.BaseDAO]
at braces.controller.TaiKhoanControllerTest.setUp(TaiKhoanControllerTest.java:24)
at java.base/jdk.internal.reflect.DirectMethodHandleAccessor.invoke(DirectMethodHandleAccessor.java:103)
at java.base/java.lang.reflect.Method.invoke(Method.java:580)
at org.testng.internal.invokers.MethodInvocationHelper.invokeMethod(MethodInvocationHelper.java:139)
at org.testng.internal.invokers.MethodInvocationHelper.invokeMethodConsideringTimeout(MethodInvocationHelper.java:69)
at org.testng.internal.invokers.ConfigInvoker.invokeConfigurationMethod(ConfigInvoker.java:390)
at org.testng.internal.invokers.ConfigInvoker.invokeConfigurations(ConfigInvoker.java:325)
at org.testng.internal.invokers.TestInvoker.runConfigMethods(TestInvoker.java:810)
at org.testng.internal.invokers.TestInvoker.invokeMethod(TestInvoker.java:577)
at org.testng.internal.invokers.TestInvoker.invokeTestMethod(TestInvoker.java:227)
at org.testng.internal.invokers.MethodRunner.runInSequence(MethodRunner.java:50)
at org.testng.internal.invokers.TestInvoker$MethodInvocationAgent.invoke(TestInvoker.java:957)
at org.testng.internal.invokers.TestInvoker.invokeTestMethods(TestInvoker.java:200)
at org.testng.internal.invokers.TestMethodWorker.invokeTestMethods(TestMethodWorker.java:148)
at org.testng.internal.invokers.TestMethodWorker.run(TestMethodWorker.java:128)
at java.base/java.util.ArrayList.forEach(ArrayList.java:1597)
at org.testng.TestRunner.privateRun(TestRunner.java:848)
at org.testng.TestRunner.run(TestRunner.java:621)
at org.testng.SuiteRunner.runTest(SuiteRunner.java:443)
at org.testng.SuiteRunner.runSequentially(SuiteRunner.java:437)
at org.testng.SuiteRunner.privateRun(SuiteRunner.java:397)
at org.testng.SuiteRunner.run(SuiteRunner.java:336)
at org.testng.SuiteRunnerWorker.runSuite(SuiteRunnerWorker.java:52)
at org.testng.SuiteRunnerWorker.run(SuiteRunnerWorker.java:95)
at org.testng.TestNG.runSuitesSequentially(TestNG.java:1280)
at org.testng.TestNG.runSuitesLocally(TestNG.java:1200)
at org.testng.TestNG.runSuites(TestNG.java:1114)
at org.testng.TestNG.run(TestNG.java:1082)
at org.apache.maven.surefire.testng.TestNGExecutor.run(TestNGExecutor.java:308)
at org.apache.maven.surefire.testng.TestNGXmlTestSuite.execute(TestNGXmlTestSuite.java:71)
at org.apache.maven.surefire.testng.TestNGProvider.invoke(TestNGProvider.java:113)
at org.apache.maven.surefire.booter.ForkedBooter.runSuitesInProcess(ForkedBooter.java:385)
at org.apache.maven.surefire.booter.ForkedBooter.execute(ForkedBooter.java:162)
at org.apache.maven.surefire.booter.ForkedBooter.run(ForkedBooter.java:507)
at org.apache.maven.surefire.booter.ForkedBooter.main(ForkedBooter.java:495)
Caused by: org.mockito.exceptions.base.MockitoException: Could not modify all classes [interface braces.dao.TaiKhoanDAO, interface braces.dao.BaseDAO]
at net.bytebuddy.TypeCache.findOrInsert(TypeCache.java:168)
at net.bytebuddy.TypeCache$WithInlineExpunction.findOrInsert(TypeCache.java:399)
at net.bytebuddy.TypeCache.findOrInsert(TypeCache.java:190)
at net.bytebuddy.TypeCache$WithInlineExpunction.findOrInsert(TypeCache.java:410)
[...]
at net.bytebuddy.utility.OpenedClassReader.of(OpenedClassReader.java:96)
at net.bytebuddy.dynamic.scaffold.TypeWriter$Default$ForInlining.create(TypeWriter.java:4011)
at net.bytebuddy.dynamic.scaffold.TypeWriter$Default.make(TypeWriter.java:2224)
at net.bytebuddy.dynamic.DynamicType$Builder$AbstractBase$UsingTypeWriter.make(DynamicType.java:4055)
at net.bytebuddy.dynamic.DynamicType$Builder$AbstractBase.make(DynamicType.java:3739)
at org.mockito.internal.creation.bytebuddy.InlineBytecodeGenerator.transform(InlineBytecodeGenerator.java:402)
at java.instrument/java.lang.instrument.ClassFileTransformer.transform(ClassFileTransformer.java:242)
at java.instrument/sun.instrument.TransformerManager.transform(TransformerManager.java:188)
at java.instrument/sun.instrument.InstrumentationImpl.transform(InstrumentationImpl.java:610)
at java.instrument/sun.instrument.InstrumentationImpl.retransformClasses0(Native Method)
at java.instrument/sun.instrument.InstrumentationImpl.retransformClasses(InstrumentationImpl.java:225)
at org.mockito.internal.creation.bytebuddy.InlineBytecodeGenerator.triggerRetransformation(InlineBytecodeGenerator.java:281)
... 50 more
]]>
            </full-stacktrace>
          </exception> <!-- org.mockito.exceptions.base.MockitoException -->
          <reporter-output>
          </reporter-output>
        </test-method> <!-- testGetTrangThaiText_KhongHoatDong -->
        <test-method is-config="true" signature="setUp()[pri:0, instance:braces.controller.TaiKhoanControllerTest@4d1c00d0]" started-at="2026-03-03T22:59:00 GMT+07:00" name="setUp" finished-at="2026-03-03T22:59:00 GMT+07:00" duration-ms="0" status="SKIP">
          <reporter-output>
          </reporter-output>
        </test-method> <!-- setUp -->
        <test-method signature="testGetTrangThai_HoatDong()[pri:0, instance:braces.controller.TaiKhoanControllerTest@4d1c00d0]" started-at="2026-03-03T22:59:00 GMT+07:00" name="testGetTrangThai_HoatDong" finished-at="2026-03-03T22:59:00 GMT+07:00" duration-ms="0" status="SKIP">
          <exception class="org.mockito.exceptions.base.MockitoException">
            <message>
              <![CDATA[
Mockito cannot mock this class: interface braces.dao.TaiKhoanDAO.

If you're not sure why you're getting this error, please open an issue on GitHub.


Java               : 23
JVM vendor name    : Amazon.com Inc.
JVM vendor version : 23.0.2+7-FR
JVM name           : OpenJDK 64-Bit Server VM
JVM version        : 23.0.2+7-FR
JVM info           : mixed mode, sharing
OS name            : Windows 11
OS version         : 10.0


You are seeing this disclaimer because Mockito is configured to create inlined mocks.
You can learn about inline mocks and their limitations under item #39 of the Mockito class javadoc.

Underlying exception : org.mockito.exceptions.base.MockitoException: Could not modify all classes [interface braces.dao.TaiKhoanDAO, interface braces.dao.BaseDAO]]]>
            </message>
            <full-stacktrace>
              <![CDATA[org.mockito.exceptions.base.MockitoException: 
Mockito cannot mock this class: interface braces.dao.TaiKhoanDAO.

If you're not sure why you're getting this error, please open an issue on GitHub.


Java               : 23
JVM vendor name    : Amazon.com Inc.
JVM vendor version : 23.0.2+7-FR
JVM name           : OpenJDK 64-Bit Server VM
JVM version        : 23.0.2+7-FR
JVM info           : mixed mode, sharing
OS name            : Windows 11
OS version         : 10.0


You are seeing this disclaimer because Mockito is configured to create inlined mocks.
You can learn about inline mocks and their limitations under item #39 of the Mockito class javadoc.

Underlying exception : org.mockito.exceptions.base.MockitoException: Could not modify all classes [interface braces.dao.TaiKhoanDAO, interface braces.dao.BaseDAO]
at braces.controller.TaiKhoanControllerTest.setUp(TaiKhoanControllerTest.java:24)
at java.base/jdk.internal.reflect.DirectMethodHandleAccessor.invoke(DirectMethodHandleAccessor.java:103)
at java.base/java.lang.reflect.Method.invoke(Method.java:580)
at org.testng.internal.invokers.MethodInvocationHelper.invokeMethod(MethodInvocationHelper.java:139)
at org.testng.internal.invokers.MethodInvocationHelper.invokeMethodConsideringTimeout(MethodInvocationHelper.java:69)
at org.testng.internal.invokers.ConfigInvoker.invokeConfigurationMethod(ConfigInvoker.java:390)
at org.testng.internal.invokers.ConfigInvoker.invokeConfigurations(ConfigInvoker.java:325)
at org.testng.internal.invokers.TestInvoker.runConfigMethods(TestInvoker.java:810)
at org.testng.internal.invokers.TestInvoker.invokeMethod(TestInvoker.java:577)
at org.testng.internal.invokers.TestInvoker.invokeTestMethod(TestInvoker.java:227)
at org.testng.internal.invokers.MethodRunner.runInSequence(MethodRunner.java:50)
at org.testng.internal.invokers.TestInvoker$MethodInvocationAgent.invoke(TestInvoker.java:957)
at org.testng.internal.invokers.TestInvoker.invokeTestMethods(TestInvoker.java:200)
at org.testng.internal.invokers.TestMethodWorker.invokeTestMethods(TestMethodWorker.java:148)
at org.testng.internal.invokers.TestMethodWorker.run(TestMethodWorker.java:128)
at java.base/java.util.ArrayList.forEach(ArrayList.java:1597)
at org.testng.TestRunner.privateRun(TestRunner.java:848)
at org.testng.TestRunner.run(TestRunner.java:621)
at org.testng.SuiteRunner.runTest(SuiteRunner.java:443)
at org.testng.SuiteRunner.runSequentially(SuiteRunner.java:437)
at org.testng.SuiteRunner.privateRun(SuiteRunner.java:397)
at org.testng.SuiteRunner.run(SuiteRunner.java:336)
at org.testng.SuiteRunnerWorker.runSuite(SuiteRunnerWorker.java:52)
at org.testng.SuiteRunnerWorker.run(SuiteRunnerWorker.java:95)
at org.testng.TestNG.runSuitesSequentially(TestNG.java:1280)
at org.testng.TestNG.runSuitesLocally(TestNG.java:1200)
at org.testng.TestNG.runSuites(TestNG.java:1114)
at org.testng.TestNG.run(TestNG.java:1082)
at org.apache.maven.surefire.testng.TestNGExecutor.run(TestNGExecutor.java:308)
at org.apache.maven.surefire.testng.TestNGXmlTestSuite.execute(TestNGXmlTestSuite.java:71)
at org.apache.maven.surefire.testng.TestNGProvider.invoke(TestNGProvider.java:113)
at org.apache.maven.surefire.booter.ForkedBooter.runSuitesInProcess(ForkedBooter.java:385)
at org.apache.maven.surefire.booter.ForkedBooter.execute(ForkedBooter.java:162)
at org.apache.maven.surefire.booter.ForkedBooter.run(ForkedBooter.java:507)
at org.apache.maven.surefire.booter.ForkedBooter.main(ForkedBooter.java:495)
Caused by: org.mockito.exceptions.base.MockitoException: Could not modify all classes [interface braces.dao.TaiKhoanDAO, interface braces.dao.BaseDAO]
at net.bytebuddy.TypeCache.findOrInsert(TypeCache.java:168)
at net.bytebuddy.TypeCache$WithInlineExpunction.findOrInsert(TypeCache.java:399)
at net.bytebuddy.TypeCache.findOrInsert(TypeCache.java:190)
at net.bytebuddy.TypeCache$WithInlineExpunction.findOrInsert(TypeCache.java:410)
... 35 more
Caused by: java.lang.IllegalStateException: 
Byte Buddy could not instrument all classes within the mock's type hierarchy

This problem should never occur for javac-compiled classes. This problem has been observed for classes that are:
 - Compiled by older versions of scalac
 - Classes that are part of the Android distribution
at org.mockito.internal.creation.bytebuddy.InlineBytecodeGenerator.triggerRetransformation(InlineBytecodeGenerator.java:285)
at org.mockito.internal.creation.bytebuddy.InlineBytecodeGenerator.mockClass(InlineBytecodeGenerator.java:218)
at org.mockito.internal.creation.bytebuddy.TypeCachingBytecodeGenerator.lambda$mockClass$0(TypeCachingBytecodeGenerator.java:78)
at net.bytebuddy.TypeCache.findOrInsert(TypeCache.java:168)
at net.bytebuddy.TypeCache$WithInlineExpunction.findOrInsert(TypeCache.java:399)
at net.bytebuddy.TypeCache.findOrInsert(TypeCache.java:190)
at net.bytebuddy.TypeCache$WithInlineExpunction.findOrInsert(TypeCache.java:410)
at org.mockito.internal.creation.bytebuddy.TypeCachingBytecodeGenerator.mockClass(TypeCachingBytecodeGenerator.java:75)
at org.mockito.internal.creation.bytebuddy.InlineDelegateByteBuddyMockMaker.createMockType(InlineDelegateByteBuddyMockMaker.java:396)
at org.mockito.internal.creation.bytebuddy.InlineDelegateByteBuddyMockMaker.doCreateMock(InlineDelegateByteBuddyMockMaker.java:355)
at org.mockito.internal.creation.bytebuddy.InlineDelegateByteBuddyMockMaker.createMock(InlineDelegateByteBuddyMockMaker.java:334)
at org.mockito.internal.creation.bytebuddy.InlineByteBuddyMockMaker.createMock(InlineByteBuddyMockMaker.java:56)
at org.mockito.internal.util.MockUtil.createMock(MockUtil.java:99)
at org.mockito.internal.MockitoCore.mock(MockitoCore.java:88)
at org.mockito.Mockito.mock(Mockito.java:2101)
at org.mockito.Mockito.mock(Mockito.java:2016)
... 35 more
Caused by: java.lang.IllegalArgumentException: Java 23 (67) is not supported by the current version of Byte Buddy which officially supports Java 21 (65) - update Byte Buddy or set net.bytebuddy.experimental as a VM property
at net.bytebuddy.utility.OpenedClassReader.of(OpenedClassReader.java:96)
at net.bytebuddy.dynamic.scaffold.TypeWriter$Default$ForInlining.create(TypeWriter.java:4011)
at net.bytebuddy.dynamic.scaffold.TypeWriter$Default.make(TypeWriter.java:2224)
at net.bytebuddy.dynamic.DynamicType$Builder$AbstractBase$UsingTypeWriter.make(DynamicType.java:4055)
at net.bytebuddy.dynamic.DynamicType$Builder$AbstractBase.make(DynamicType.java:3739)
at org.mockito.internal.creation.bytebuddy.InlineBytecodeGenerator.transform(InlineBytecodeGenerator.java:402)
at java.instrument/java.lang.instrument.ClassFileTransformer.transform(ClassFileTransformer.java:242)
at java.instrument/sun.instrument.TransformerManager.transform(TransformerManager.java:188)
at java.instrument/sun.instrument.InstrumentationImpl.transform(InstrumentationImpl.java:610)
at java.instrument/sun.instrument.InstrumentationImpl.retransformClasses0(Native Method)
at java.instrument/sun.instrument.InstrumentationImpl.retransformClasses(InstrumentationImpl.java:225)
at org.mockito.internal.creation.bytebuddy.InlineBytecodeGenerator.triggerRetransformation(InlineBytecodeGenerator.java:281)
... 50 more
]]>
            </full-stacktrace>
          </exception> <!-- org.mockito.exceptions.base.MockitoException -->
          <reporter-output>
          </reporter-output>
        </test-method> <!-- testGetTrangThai_HoatDong -->
        <test-method signature="testSave_Account()[pri:0, instance:braces.controller.TaiKhoanControllerTest@4d1c00d0]" started-at="2026-03-03T22:59:00 GMT+07:00" name="testSave_Account" finished-at="2026-03-03T22:59:00 GMT+07:00" duration-ms="0" status="SKIP">
          <exception class="org.mockito.exceptions.base.MockitoException">
            <message>
              <![CDATA[
Mockito cannot mock this class: interface braces.dao.TaiKhoanDAO.

If you're not sure why you're getting this error, please open an issue on GitHub.


Java               : 23
JVM vendor name    : Amazon.com Inc.
JVM vendor version : 23.0.2+7-FR
JVM name           : OpenJDK 64-Bit Server VM
JVM version        : 23.0.2+7-FR
JVM info           : mixed mode, sharing
OS name            : Windows 11
OS version         : 10.0


You are seeing this disclaimer because Mockito is configured to create inlined mocks.
You can learn about inline mocks and their limitations under item #39 of the Mockito class javadoc.

Underlying exception : org.mockito.exceptions.base.MockitoException: Could not modify all classes [interface braces.dao.TaiKhoanDAO, interface braces.dao.BaseDAO]]]>
            </message>
            <full-stacktrace>
              <![CDATA[org.mockito.exceptions.base.MockitoException: 
Mockito cannot mock this class: interface braces.dao.TaiKhoanDAO.

If you're not sure why you're getting this error, please open an issue on GitHub.


Java               : 23
JVM vendor name    : Amazon.com Inc.
JVM vendor version : 23.0.2+7-FR
JVM name           : OpenJDK 64-Bit Server VM
JVM version        : 23.0.2+7-FR
JVM info           : mixed mode, sharing
OS name            : Windows 11
OS version         : 10.0


You are seeing this disclaimer because Mockito is configured to create inlined mocks.
You can learn about inline mocks and their limitations under item #39 of the Mockito class javadoc.

Underlying exception : org.mockito.exceptions.base.MockitoException: Could not modify all classes [interface braces.dao.TaiKhoanDAO, interface braces.dao.BaseDAO]
at braces.controller.TaiKhoanControllerTest.setUp(TaiKhoanControllerTest.java:24)
at java.base/jdk.internal.reflect.DirectMethodHandleAccessor.invoke(DirectMethodHandleAccessor.java:103)
at java.base/java.lang.reflect.Method.invoke(Method.java:580)
at org.testng.internal.invokers.MethodInvocationHelper.invokeMethod(MethodInvocationHelper.java:139)
at org.testng.internal.invokers.MethodInvocationHelper.invokeMethodConsideringTimeout(MethodInvocationHelper.java:69)
at org.testng.internal.invokers.ConfigInvoker.invokeConfigurationMethod(ConfigInvoker.java:390)
at org.testng.internal.invokers.ConfigInvoker.invokeConfigurations(ConfigInvoker.java:325)
at org.testng.internal.invokers.TestInvoker.runConfigMethods(TestInvoker.java:810)
at org.testng.internal.invokers.TestInvoker.invokeMethod(TestInvoker.java:577)
at org.testng.internal.invokers.TestInvoker.invokeTestMethod(TestInvoker.java:227)
at org.testng.internal.invokers.MethodRunner.runInSequence(MethodRunner.java:50)
at org.testng.internal.invokers.TestInvoker$MethodInvocationAgent.invoke(TestInvoker.java:957)
at org.testng.internal.invokers.TestInvoker.invokeTestMethods(TestInvoker.java:200)
at org.testng.internal.invokers.TestMethodWorker.invokeTestMethods(TestMethodWorker.java:148)
at org.testng.internal.invokers.TestMethodWorker.run(TestMethodWorker.java:128)
at java.base/java.util.ArrayList.forEach(ArrayList.java:1597)
at org.testng.TestRunner.privateRun(TestRunner.java:848)
at org.testng.TestRunner.run(TestRunner.java:621)
at org.testng.SuiteRunner.runTest(SuiteRunner.java:443)
at org.testng.SuiteRunner.runSequentially(SuiteRunner.java:437)
at org.testng.SuiteRunner.privateRun(SuiteRunner.java:397)
at org.testng.SuiteRunner.run(SuiteRunner.java:336)
at org.testng.SuiteRunnerWorker.runSuite(SuiteRunnerWorker.java:52)
at org.testng.SuiteRunnerWorker.run(SuiteRunnerWorker.java:95)
at org.testng.TestNG.runSuitesSequentially(TestNG.java:1280)
at org.testng.TestNG.runSuitesLocally(TestNG.java:1200)
at org.testng.TestNG.runSuites(TestNG.java:1114)
at org.testng.TestNG.run(TestNG.java:1082)
at org.apache.maven.surefire.testng.TestNGExecutor.run(TestNGExecutor.java:308)
at org.apache.maven.surefire.testng.TestNGXmlTestSuite.execute(TestNGXmlTestSuite.java:71)
at org.apache.maven.surefire.testng.TestNGProvider.invoke(TestNGProvider.java:113)
at org.apache.maven.surefire.booter.ForkedBooter.runSuitesInProcess(ForkedBooter.java:385)
at org.apache.maven.surefire.booter.ForkedBooter.execute(ForkedBooter.java:162)
at org.apache.maven.surefire.booter.ForkedBooter.run(ForkedBooter.java:507)
at org.apache.maven.surefire.booter.ForkedBooter.main(ForkedBooter.java:495)
Caused by: org.mockito.exceptions.base.MockitoException: Could not modify all classes [interface braces.dao.TaiKhoanDAO, interface braces.dao.BaseDAO]
at net.bytebuddy.TypeCache.findOrInsert(TypeCache.java:168)
at net.bytebuddy.TypeCache$WithInlineExpunction.findOrInsert(TypeCache.java:399)
at net.bytebuddy.TypeCache.findOrInsert(TypeCache.java:190)
at net.bytebuddy.TypeCache$WithInlineExpunction.findOrInsert(TypeCache.java:410)
... 35 more
Caused by: java.lang.IllegalStateException: 
Byte Buddy could not instrument all classes within the mock's type hierarchy

This problem should never occur for javac-compiled classes. This problem has been observed for classes that are:
 - Compiled by older versions of scalac
 - Classes that are part of the Android distribution
at org.mockito.internal.creation.bytebuddy.InlineBytecodeGenerator.triggerRetransformation(InlineBytecodeGenerator.java:285)
at org.mockito.internal.creation.bytebuddy.InlineBytecodeGenerator.mockClass(InlineBytecodeGenerator.java:218)
at org.mockito.internal.creation.bytebuddy.TypeCachingBytecodeGenerator.lambda$mockClass$0(TypeCachingBytecodeGenerator.java:78)
at net.bytebuddy.TypeCache.findOrInsert(TypeCache.java:168)
at net.bytebuddy.TypeCache$WithInlineExpunction.findOrInsert(TypeCache.java:399)
at net.bytebuddy.TypeCache.findOrInsert(TypeCache.java:190)
at net.bytebuddy.TypeCache$WithInlineExpunction.findOrInsert(TypeCache.java:410)
at org.mockito.internal.creation.bytebuddy.TypeCachingBytecodeGenerator.mockClass(TypeCachingBytecodeGenerator.java:75)
at org.mockito.internal.creation.bytebuddy.InlineDelegateByteBuddyMockMaker.createMockType(InlineDelegateByteBuddyMockMaker.java:396)
at org.mockito.internal.creation.bytebuddy.InlineDelegateByteBuddyMockMaker.doCreateMock(InlineDelegateByteBuddyMockMaker.java:355)
at org.mockito.internal.creation.bytebuddy.InlineDelegateByteBuddyMockMaker.createMock(InlineDelegateByteBuddyMockMaker.java:334)
at org.mockito.internal.creation.bytebuddy.InlineByteBuddyMockMaker.createMock(InlineByteBuddyMockMaker.java:56)
at org.mockito.internal.util.MockUtil.createMock(MockUtil.java:99)
at org.mockito.internal.MockitoCore.mock(MockitoCore.java:88)
at org.mockito.Mockito.mock(Mockito.java:2101)
at org.mockito.Mockito.mock(Mockito.java:2016)
... 35 more
Caused by: java.lang.IllegalArgumentException: Java 23 (67) is not supported by the current version of Byte Buddy which officially supports Java 21 (65) - update Byte Buddy or set net.bytebuddy.experimental as a VM property
at net.bytebuddy.utility.OpenedClassReader.of(OpenedClassReader.java:96)
at net.bytebuddy.dynamic.scaffold.TypeWriter$Default$ForInlining.create(TypeWriter.java:4011)
at net.bytebuddy.dynamic.scaffold.TypeWriter$Default.make(TypeWriter.java:2224)
at net.bytebuddy.dynamic.DynamicType$Builder$AbstractBase$UsingTypeWriter.make(DynamicType.java:4055)
at net.bytebuddy.dynamic.DynamicType$Builder$AbstractBase.make(DynamicType.java:3739)
at org.mockito.internal.creation.bytebuddy.InlineBytecodeGenerator.transform(InlineBytecodeGenerator.java:402)
at java.instrument/java.lang.instrument.ClassFileTransformer.transform(ClassFileTransformer.java:242)
at java.instrument/sun.instrument.TransformerManager.transform(TransformerManager.java:188)
at java.instrument/sun.instrument.InstrumentationImpl.transform(InstrumentationImpl.java:610)
at java.instrument/sun.instrument.InstrumentationImpl.retransformClasses0(Native Method)
at java.instrument/sun.instrument.InstrumentationImpl.retransformClasses(InstrumentationImpl.java:225)
at org.mockito.internal.creation.bytebuddy.InlineBytecodeGenerator.triggerRetransformation(InlineBytecodeGenerator.java:281)
... 50 more
]]>
            </full-stacktrace>
          </exception> <!-- org.mockito.exceptions.base.MockitoException -->
          <reporter-output>
          </reporter-output>
        </test-method> <!-- testSave_Account -->
        <test-method is-config="true" signature="setUp()[pri:0, instance:braces.controller.TaiKhoanControllerTest@4d1c00d0]" started-at="2026-03-03T22:59:00 GMT+07:00" name="setUp" finished-at="2026-03-03T22:59:00 GMT+07:00" duration-ms="0" status="SKIP">
          <reporter-output>
          </reporter-output>
        </test-method> <!-- setUp -->
        <test-method is-config="true" signature="setUp()[pri:0, instance:braces.controller.TaiKhoanControllerTest@4d1c00d0]" started-at="2026-03-03T22:59:00 GMT+07:00" name="setUp" finished-at="2026-03-03T22:59:00 GMT+07:00" duration-ms="0" status="SKIP">
          <reporter-output>
          </reporter-output>
        </test-method> <!-- setUp -->
      </class> <!-- braces.controller.TaiKhoanControllerTest -->
    </test> <!-- Unit and Integration Tests -->
  </suite> <!-- Project Test Suite -->
</testng-results>
