<?xml version="1.0" encoding="UTF-8"?>
<testng-results ignored="0" total="32" passed="32" failed="0" skipped="0">
  <reporter-output>
  </reporter-output>
  <suite started-at="2026-03-03T23:09:08 GMT+07:00" name="Project Test Suite" finished-at="2026-03-03T23:09:09 GMT+07:00" duration-ms="880">
    <groups>
    </groups>
    <test started-at="2026-03-03T23:09:08 GMT+07:00" name="Unit and Integration Tests" finished-at="2026-03-03T23:09:09 GMT+07:00" duration-ms="880">
      <class name="braces.util.BCryptTest">
        <test-method signature="testCompare_Failure()[pri:0, instance:braces.util.BCryptTest@9d5509a]" started-at="2026-03-03T23:09:08 GMT+07:00" name="testCompare_Failure" finished-at="2026-03-03T23:09:08 GMT+07:00" duration-ms="104" status="PASS">
          <reporter-output>
          </reporter-output>
        </test-method> <!-- testCompare_Failure -->
        <test-method signature="testCompare_Success()[pri:0, instance:braces.util.BCryptTest@9d5509a]" started-at="2026-03-03T23:09:08 GMT+07:00" name="testCompare_Success" finished-at="2026-03-03T23:09:08 GMT+07:00" duration-ms="52" status="PASS">
          <reporter-output>
          </reporter-output>
        </test-method> <!-- testCompare_Success -->
      </class> <!-- braces.util.BCryptTest -->
      <class name="braces.util.ValidationTest">
        <test-method signature="testIsEmail_Valid()[pri:0, instance:braces.util.ValidationTest@3857f613]" started-at="2026-03-03T23:09:09 GMT+07:00" name="testIsEmail_Valid" finished-at="2026-03-03T23:09:09 GMT+07:00" duration-ms="1" status="PASS">
          <reporter-output>
          </reporter-output>
        </test-method> <!-- testIsEmail_Valid -->
        <test-method signature="testIsEmail_Invalid()[pri:0, instance:braces.util.ValidationTest@3857f613]" started-at="2026-03-03T23:09:09 GMT+07:00" name="testIsEmail_Invalid" finished-at="2026-03-03T23:09:09 GMT+07:00" duration-ms="0" status="PASS">
          <reporter-output>
          </reporter-output>
        </test-method> <!-- testIsEmail_Invalid -->
        <test-method signature="testIsNumber_InvalidString()[pri:0, instance:braces.util.ValidationTest@3857f613]" started-at="2026-03-03T23:09:09 GMT+07:00" name="testIsNumber_InvalidString" finished-at="2026-03-03T23:09:09 GMT+07:00" duration-ms="1" status="PASS">
          <reporter-output>
          </reporter-output>
        </test-method> <!-- testIsNumber_InvalidString -->
        <test-method signature="testIsEmpty_Whitespace()[pri:0, instance:braces.util.ValidationTest@3857f613]" started-at="2026-03-03T23:09:09 GMT+07:00" name="testIsEmpty_Whitespace" finished-at="2026-03-03T23:09:09 GMT+07:00" duration-ms="0" status="PASS">
          <reporter-output>
          </reporter-output>
        </test-method> <!-- testIsEmpty_Whitespace -->
        <test-method signature="testIsEmpty_Valid()[pri:0, instance:braces.util.ValidationTest@3857f613]" started-at="2026-03-03T23:09:09 GMT+07:00" name="testIsEmpty_Valid" finished-at="2026-03-03T23:09:09 GMT+07:00" duration-ms="0" status="PASS">
          <reporter-output>
          </reporter-output>
        </test-method> <!-- testIsEmpty_Valid -->
        <test-method signature="testIsEmpty_NullInput()[pri:0, instance:braces.util.ValidationTest@3857f613]" started-at="2026-03-03T23:09:09 GMT+07:00" name="testIsEmpty_NullInput" finished-at="2026-03-03T23:09:09 GMT+07:00" duration-ms="0" status="PASS">
          <reporter-output>
          </reporter-output>
        </test-method> <!-- testIsEmpty_NullInput -->
        <test-method signature="testIsEmpty_Null()[pri:0, instance:braces.util.ValidationTest@3857f613]" started-at="2026-03-03T23:09:09 GMT+07:00" name="testIsEmpty_Null" finished-at="2026-03-03T23:09:09 GMT+07:00" duration-ms="0" status="PASS">
          <reporter-output>
          </reporter-output>
        </test-method> <!-- testIsEmpty_Null -->
        <test-method signature="testIsNumber_Negative()[pri:0, instance:braces.util.ValidationTest@3857f613]" started-at="2026-03-03T23:09:09 GMT+07:00" name="testIsNumber_Negative" finished-at="2026-03-03T23:09:09 GMT+07:00" duration-ms="1" status="PASS">
          <reporter-output>
          </reporter-output>
        </test-method> <!-- testIsNumber_Negative -->
        <test-method signature="testIsNumber_Valid()[pri:0, instance:braces.util.ValidationTest@3857f613]" started-at="2026-03-03T23:09:09 GMT+07:00" name="testIsNumber_Valid" finished-at="2026-03-03T23:09:09 GMT+07:00" duration-ms="0" status="PASS">
          <reporter-output>
          </reporter-output>
        </test-method> <!-- testIsNumber_Valid -->
        <test-method signature="testIsPassword_NoDigit()[pri:0, instance:braces.util.ValidationTest@3857f613]" started-at="2026-03-03T23:09:09 GMT+07:00" name="testIsPassword_NoDigit" finished-at="2026-03-03T23:09:09 GMT+07:00" duration-ms="1" status="PASS">
          <reporter-output>
          </reporter-output>
        </test-method> <!-- testIsPassword_NoDigit -->
        <test-method signature="testIsPassword_Valid()[pri:0, instance:braces.util.ValidationTest@3857f613]" started-at="2026-03-03T23:09:09 GMT+07:00" name="testIsPassword_Valid" finished-at="2026-03-03T23:09:09 GMT+07:00" duration-ms="1" status="PASS">
          <reporter-output>
          </reporter-output>
        </test-method> <!-- testIsPassword_Valid -->
        <test-method signature="testIsPassword_TooShort()[pri:0, instance:braces.util.ValidationTest@3857f613]" started-at="2026-03-03T23:09:09 GMT+07:00" name="testIsPassword_TooShort" finished-at="2026-03-03T23:09:09 GMT+07:00" duration-ms="0" status="PASS">
          <reporter-output>
          </reporter-output>
        </test-method> <!-- testIsPassword_TooShort -->
        <test-method signature="testIsPhoneNumber_Valid10Digits()[pri:0, instance:braces.util.ValidationTest@3857f613]" started-at="2026-03-03T23:09:09 GMT+07:00" name="testIsPhoneNumber_Valid10Digits" finished-at="2026-03-03T23:09:09 GMT+07:00" duration-ms="0" status="PASS">
          <reporter-output>
          </reporter-output>
        </test-method> <!-- testIsPhoneNumber_Valid10Digits -->
        <test-method signature="testIsPhoneNumber_InvalidLength()[pri:0, instance:braces.util.ValidationTest@3857f613]" started-at="2026-03-03T23:09:09 GMT+07:00" name="testIsPhoneNumber_InvalidLength" finished-at="2026-03-03T23:09:09 GMT+07:00" duration-ms="0" status="PASS">
          <reporter-output>
          </reporter-output>
        </test-method> <!-- testIsPhoneNumber_InvalidLength -->
      </class> <!-- braces.util.ValidationTest -->
      <class name="braces.util.FormatterTest">
        <test-method signature="testFormatNumber_LargeNumber()[pri:0, instance:braces.util.FormatterTest@489115ef]" started-at="2026-03-03T23:09:09 GMT+07:00" name="testFormatNumber_LargeNumber" finished-at="2026-03-03T23:09:09 GMT+07:00" duration-ms="0" status="PASS">
          <reporter-output>
          </reporter-output>
        </test-method> <!-- testFormatNumber_LargeNumber -->
        <test-method signature="testUnformatVND_Standard()[pri:0, instance:braces.util.FormatterTest@489115ef]" started-at="2026-03-03T23:09:09 GMT+07:00" name="testUnformatVND_Standard" finished-at="2026-03-03T23:09:09 GMT+07:00" duration-ms="1" status="PASS">
          <reporter-output>
          </reporter-output>
        </test-method> <!-- testUnformatVND_Standard -->
        <test-method signature="testFormatVND_Standard()[pri:0, instance:braces.util.FormatterTest@489115ef]" started-at="2026-03-03T23:09:09 GMT+07:00" name="testFormatVND_Standard" finished-at="2026-03-03T23:09:09 GMT+07:00" duration-ms="0" status="PASS">
          <reporter-output>
          </reporter-output>
        </test-method> <!-- testFormatVND_Standard -->
      </class> <!-- braces.util.FormatterTest -->
      <class name="braces.dao.SanPhamDAOTest">
        <test-method signature="testDeleteById()[pri:0, instance:braces.dao.SanPhamDAOTest@131ef10]" started-at="2026-03-03T23:09:09 GMT+07:00" name="testDeleteById" finished-at="2026-03-03T23:09:09 GMT+07:00" duration-ms="31" status="PASS">
          <reporter-output>
          </reporter-output>
        </test-method> <!-- testDeleteById -->
        <test-method signature="testFindAll_Retrieve()[pri:0, instance:braces.dao.SanPhamDAOTest@131ef10]" started-at="2026-03-03T23:09:09 GMT+07:00" name="testFindAll_Retrieve" finished-at="2026-03-03T23:09:09 GMT+07:00" duration-ms="14" status="PASS">
          <reporter-output>
          </reporter-output>
        </test-method> <!-- testFindAll_Retrieve -->
        <test-method signature="testFindByKhuVuc_Filter()[pri:0, instance:braces.dao.SanPhamDAOTest@131ef10]" started-at="2026-03-03T23:09:09 GMT+07:00" name="testFindByKhuVuc_Filter" finished-at="2026-03-03T23:09:09 GMT+07:00" duration-ms="1" status="PASS">
          <reporter-output>
          </reporter-output>
        </test-method> <!-- testFindByKhuVuc_Filter -->
        <test-method signature="testSave_NewProduct()[pri:0, instance:braces.dao.SanPhamDAOTest@131ef10]" started-at="2026-03-03T23:09:09 GMT+07:00" name="testSave_NewProduct" finished-at="2026-03-03T23:09:09 GMT+07:00" duration-ms="2" status="PASS">
          <reporter-output>
          </reporter-output>
        </test-method> <!-- testSave_NewProduct -->
      </class> <!-- braces.dao.SanPhamDAOTest -->
      <class name="braces.controller.TaiKhoanControllerTest">
        <test-method is-config="true" signature="setUp()[pri:0, instance:braces.controller.TaiKhoanControllerTest@3bf7ca37]" started-at="2026-03-03T23:09:08 GMT+07:00" name="setUp" finished-at="2026-03-03T23:09:09 GMT+07:00" duration-ms="599" status="PASS">
          <reporter-output>
          </reporter-output>
        </test-method> <!-- setUp -->
        <test-method signature="testGetRoleText_Admin()[pri:0, instance:braces.controller.TaiKhoanControllerTest@3bf7ca37]" started-at="2026-03-03T23:09:09 GMT+07:00" name="testGetRoleText_Admin" finished-at="2026-03-03T23:09:09 GMT+07:00" duration-ms="1" status="PASS">
          <reporter-output>
          </reporter-output>
        </test-method> <!-- testGetRoleText_Admin -->
        <test-method signature="testGetRoleText_NhanVien()[pri:0, instance:braces.controller.TaiKhoanControllerTest@3bf7ca37]" started-at="2026-03-03T23:09:09 GMT+07:00" name="testGetRoleText_NhanVien" finished-at="2026-03-03T23:09:09 GMT+07:00" duration-ms="0" status="PASS">
          <reporter-output>
          </reporter-output>
        </test-method> <!-- testGetRoleText_NhanVien -->
        <test-method is-config="true" signature="setUp()[pri:0, instance:braces.controller.TaiKhoanControllerTest@3bf7ca37]" started-at="2026-03-03T23:09:09 GMT+07:00" name="setUp" finished-at="2026-03-03T23:09:09 GMT+07:00" duration-ms="0" status="PASS">
          <reporter-output>
          </reporter-output>
        </test-method> <!-- setUp -->
        <test-method signature="testGetSearchTable_SearchName()[pri:0, instance:braces.controller.TaiKhoanControllerTest@3bf7ca37]" started-at="2026-03-03T23:09:09 GMT+07:00" name="testGetSearchTable_SearchName" finished-at="2026-03-03T23:09:09 GMT+07:00" duration-ms="13" status="PASS">
          <reporter-output>
          </reporter-output>
        </test-method> <!-- testGetSearchTable_SearchName -->
        <test-method signature="testGetRole_Default()[pri:0, instance:braces.controller.TaiKhoanControllerTest@3bf7ca37]" started-at="2026-03-03T23:09:09 GMT+07:00" name="testGetRole_Default" finished-at="2026-03-03T23:09:09 GMT+07:00" duration-ms="0" status="PASS">
          <reporter-output>
          </reporter-output>
        </test-method> <!-- testGetRole_Default -->
        <test-method is-config="true" signature="setUp()[pri:0, instance:braces.controller.TaiKhoanControllerTest@3bf7ca37]" started-at="2026-03-03T23:09:09 GMT+07:00" name="setUp" finished-at="2026-03-03T23:09:09 GMT+07:00" duration-ms="0" status="PASS">
          <reporter-output>
          </reporter-output>
        </test-method> <!-- setUp -->
        <test-method is-config="true" signature="setUp()[pri:0, instance:braces.controller.TaiKhoanControllerTest@3bf7ca37]" started-at="2026-03-03T23:09:09 GMT+07:00" name="setUp" finished-at="2026-03-03T23:09:09 GMT+07:00" duration-ms="0" status="PASS">
          <reporter-output>
          </reporter-output>
        </test-method> <!-- setUp -->
        <test-method signature="testGetSearchTable_SearchRole()[pri:0, instance:braces.controller.TaiKhoanControllerTest@3bf7ca37]" started-at="2026-03-03T23:09:09 GMT+07:00" name="testGetSearchTable_SearchRole" finished-at="2026-03-03T23:09:09 GMT+07:00" duration-ms="1" status="PASS">
          <reporter-output>
          </reporter-output>
        </test-method> <!-- testGetSearchTable_SearchRole -->
        <test-method is-config="true" signature="setUp()[pri:0, instance:braces.controller.TaiKhoanControllerTest@3bf7ca37]" started-at="2026-03-03T23:09:09 GMT+07:00" name="setUp" finished-at="2026-03-03T23:09:09 GMT+07:00" duration-ms="0" status="PASS">
          <reporter-output>
          </reporter-output>
        </test-method> <!-- setUp -->
        <test-method is-config="true" signature="setUp()[pri:0, instance:braces.controller.TaiKhoanControllerTest@3bf7ca37]" started-at="2026-03-03T23:09:09 GMT+07:00" name="setUp" finished-at="2026-03-03T23:09:09 GMT+07:00" duration-ms="0" status="PASS">
          <reporter-output>
          </reporter-output>
        </test-method> <!-- setUp -->
        <test-method signature="testGetTrangThaiText_HoatDong()[pri:0, instance:braces.controller.TaiKhoanControllerTest@3bf7ca37]" started-at="2026-03-03T23:09:09 GMT+07:00" name="testGetTrangThaiText_HoatDong" finished-at="2026-03-03T23:09:09 GMT+07:00" duration-ms="0" status="PASS">
          <reporter-output>
          </reporter-output>
        </test-method> <!-- testGetTrangThaiText_HoatDong -->
        <test-method signature="testGetTrangThaiText_KhongHoatDong()[pri:0, instance:braces.controller.TaiKhoanControllerTest@3bf7ca37]" started-at="2026-03-03T23:09:09 GMT+07:00" name="testGetTrangThaiText_KhongHoatDong" finished-at="2026-03-03T23:09:09 GMT+07:00" duration-ms="0" status="PASS">
          <reporter-output>
          </reporter-output>
        </test-method> <!-- testGetTrangThaiText_KhongHoatDong -->
        <test-method is-config="true" signature="setUp()[pri:0, instance:braces.controller.TaiKhoanControllerTest@3bf7ca37]" started-at="2026-03-03T23:09:09 GMT+07:00" name="setUp" finished-at="2026-03-03T23:09:09 GMT+07:00" duration-ms="0" status="PASS">
          <reporter-output>
          </reporter-output>
        </test-method> <!-- setUp -->
        <test-method signature="testSave_Account()[pri:0, instance:braces.controller.TaiKhoanControllerTest@3bf7ca37]" started-at="2026-03-03T23:09:09 GMT+07:00" name="testSave_Account" finished-at="2026-03-03T23:09:09 GMT+07:00" duration-ms="11" status="PASS">
          <reporter-output>
          </reporter-output>
        </test-method> <!-- testSave_Account -->
        <test-method signature="testGetTrangThai_HoatDong()[pri:0, instance:braces.controller.TaiKhoanControllerTest@3bf7ca37]" started-at="2026-03-03T23:09:09 GMT+07:00" name="testGetTrangThai_HoatDong" finished-at="2026-03-03T23:09:09 GMT+07:00" duration-ms="0" status="PASS">
          <reporter-output>
          </reporter-output>
        </test-method> <!-- testGetTrangThai_HoatDong -->
        <test-method is-config="true" signature="setUp()[pri:0, instance:braces.controller.TaiKhoanControllerTest@3bf7ca37]" started-at="2026-03-03T23:09:09 GMT+07:00" name="setUp" finished-at="2026-03-03T23:09:09 GMT+07:00" duration-ms="0" status="PASS">
          <reporter-output>
          </reporter-output>
        </test-method> <!-- setUp -->
        <test-method is-config="true" signature="setUp()[pri:0, instance:braces.controller.TaiKhoanControllerTest@3bf7ca37]" started-at="2026-03-03T23:09:09 GMT+07:00" name="setUp" finished-at="2026-03-03T23:09:09 GMT+07:00" duration-ms="0" status="PASS">
          <reporter-output>
          </reporter-output>
        </test-method> <!-- setUp -->
      </class> <!-- braces.controller.TaiKhoanControllerTest -->
    </test> <!-- Unit and Integration Tests -->
  </suite> <!-- Project Test Suite -->
</testng-results>
