<?xml version="1.0" encoding="UTF-8"?>
<testsuite xmlns:xsi="http://www.w3.org/2001/XMLSchema-instance" xsi:noNamespaceSchemaLocation="https://maven.apache.org/surefire/maven-surefire-plugin/xsd/surefire-test-report-3.0.xsd" version="3.0" name="TestSuite" time="1.357" tests="32" errors="0" skipped="0" failures="0">
  <properties>
[...]
</properties>
  <testcase name="testCompare_Failure" classname="braces.util.BCryptTest" time="0.105">
    <system-err><![CDATA[log4j:WARN No appenders could be found for logger (org.testng.TestNG).
log4j:WARN Please initialize the log4j system properly.
log4j:WARN See http://logging.apache.org/log4j/1.2/faq.html#noconfig for more info.
]]></system-err>
  </testcase>
  <testcase name="testCompare_Success" classname="braces.util.BCryptTest" time="0.048"/>
  <testcase name="testGetRoleText_Admin" classname="braces.controller.TaiKhoanControllerTest" time="0.0">
    <system-out><![CDATA[Mockito is currently self-attaching to enable the inline-mock-maker. This will no longer work in future releases of the JDK. Please add Mockito as an agent to your build what is described in Mockito's documentation: https://javadoc.io/doc/org.mockito/mockito-core/latest/org/mockito/Mockito.html#0.3
Mockito is currently self-attaching to enable the inline-mock-maker. This will no longer work in future releases of the JDK. Please add Mockito as an agent to your build what is described in Mockito's documentation: https://javadoc.io/doc/org.mockito/mockito-core/latest/org/mockito/Mockito.html#0.3
]]></system-out>
    <system-err><![CDATA[WARNING: A Java agent has been loaded dynamically (C:\Users\PC\.m2\repository\net\bytebuddy\byte-buddy-agent\1.15.2\byte-buddy-agent-1.15.2.jar)
WARNING: If a serviceability tool is in use, please run with -XX:+EnableDynamicAgentLoading to hide this warning
WARNING: If a serviceability tool is not in use, please run with -Djdk.instrument.traceUsage for more information
WARNING: Dynamic loading of agents will be disallowed by default in a future release
]]></system-err>
  </testcase>
  <testcase name="testGetRoleText_NhanVien" classname="braces.controller.TaiKhoanControllerTest" time="0.0"/>
  <testcase name="testGetRole_Default" classname="braces.controller.TaiKhoanControllerTest" time="0.0"/>
  <testcase name="testGetSearchTable_SearchName" classname="braces.controller.TaiKhoanControllerTest" time="0.013"/>
  <testcase name="testGetSearchTable_SearchRole" classname="braces.controller.TaiKhoanControllerTest" time="0.001"/>
  <testcase name="testGetTrangThaiText_HoatDong" classname="braces.controller.TaiKhoanControllerTest" time="0.0"/>
  <testcase name="testGetTrangThaiText_KhongHoatDong" classname="braces.controller.TaiKhoanControllerTest" time="0.0"/>
  <testcase name="testGetTrangThai_HoatDong" classname="braces.controller.TaiKhoanControllerTest" time="0.0"/>
  <testcase name="testSave_Account" classname="braces.controller.TaiKhoanControllerTest" time="0.01"/>
  <testcase name="testDeleteById" classname="braces.dao.SanPhamDAOTest" time="0.031"/>
  <testcase name="testFindAll_Retrieve" classname="braces.dao.SanPhamDAOTest" time="0.014"/>
  <testcase name="testFindByKhuVuc_Filter" classname="braces.dao.SanPhamDAOTest" time="0.001"/>
  <testcase name="testSave_NewProduct" classname="braces.dao.SanPhamDAOTest" time="0.002"/>
  <testcase name="testFormatNumber_LargeNumber" classname="braces.util.FormatterTest" time="0.0"/>
  <testcase name="testFormatVND_Standard" classname="braces.util.FormatterTest" time="0.0"/>
  <testcase name="testUnformatVND_Standard" classname="braces.util.FormatterTest" time="0.001"/>
  <testcase name="testIsEmail_Invalid" classname="braces.util.ValidationTest" time="0.0"/>
  <testcase name="testIsEmail_Valid" classname="braces.util.ValidationTest" time="0.0"/>
  <testcase name="testIsEmpty_Null" classname="braces.util.ValidationTest" time="0.0"/>
  <testcase name="testIsEmpty_NullInput" classname="braces.util.ValidationTest" time="0.0"/>
  <testcase name="testIsEmpty_Valid" classname="braces.util.ValidationTest" time="0.0"/>
  <testcase name="testIsEmpty_Whitespace" classname="braces.util.ValidationTest" time="0.0"/>
  <testcase name="testIsNumber_InvalidString" classname="braces.util.ValidationTest" time="0.001"/>
  <testcase name="testIsNumber_Negative" classname="braces.util.ValidationTest" time="0.0"/>
  <testcase name="testIsNumber_Valid" classname="braces.util.ValidationTest" time="0.0"/>
  <testcase name="testIsPassword_NoDigit" classname="braces.util.ValidationTest" time="0.0"/>
  <testcase name="testIsPassword_TooShort" classname="braces.util.ValidationTest" time="0.0"/>
  <testcase name="testIsPassword_Valid" classname="braces.util.ValidationTest" time="0.0"/>
  <testcase name="testIsPhoneNumber_InvalidLength" classname="braces.util.ValidationTest" time="0.0"/>
  <testcase name="testIsPhoneNumber_Valid10Digits" classname="braces.util.ValidationTest" time="0.0"/>
</testsuite>