<?xml version="1.0" encoding="UTF-8"?>
<!-- Generated by org.testng.reporters.JUnitReportReporter -->
<testsuite hostname="Braces" failures="0" tests="9" name="braces.controller.TaiKhoanControllerTest" time="0.625" errors="0" timestamp="2026-03-03T23:09:09 GMT+07:00" skipped="0">
  <testcase classname="braces.controller.TaiKhoanControllerTest" name="testGetRoleText_NhanVien" time="0.000"/>
  <testcase classname="braces.controller.TaiKhoanControllerTest" name="testGetTrangThaiText_HoatDong" time="0.000"/>
  <testcase classname="braces.controller.TaiKhoanControllerTest" name="testGetSearchTable_SearchName" time="0.013"/>
  <testcase classname="braces.controller.TaiKhoanControllerTest" name="testGetSearchTable_SearchRole" time="0.001"/>
  <testcase classname="braces.controller.TaiKhoanControllerTest" name="testGetRole_Default" time="0.000"/>
  <testcase classname="braces.controller.TaiKhoanControllerTest" name="testGetTrangThaiText_KhongHoatDong" time="0.000"/>
  <testcase classname="braces.controller.TaiKhoanControllerTest" name="testSave_Account" time="0.610"/>
  <testcase classname="braces.controller.TaiKhoanControllerTest" name="testGetRoleText_Admin" time="0.001"/>
  <testcase classname="braces.controller.TaiKhoanControllerTest" name="testGetTrangThai_HoatDong" time="0.000"/>
</testsuite> <!-- braces.controller.TaiKhoanControllerTest -->
