<?xml version="1.0" encoding="UTF-8"?>
<!-- Generated by org.testng.reporters.JUnitReportReporter -->
<testsuite hostname="Braces" failures="0" tests="3" name="braces.util.FormatterTest" time="0.001" errors="0" timestamp="2026-03-03T23:09:09 GMT+07:00" skipped="0">
  <testcase classname="braces.util.FormatterTest" name="testFormatNumber_LargeNumber" time="0.000"/>
  <testcase classname="braces.util.FormatterTest" name="testUnformatVND_Standard" time="0.001"/>
  <testcase classname="braces.util.FormatterTest" name="testFormatVND_Standard" time="0.000"/>
</testsuite> <!-- braces.util.FormatterTest -->
