<?xml version="1.0" encoding="UTF-8"?>
<!-- Generated by org.testng.reporters.JUnitReportReporter -->
<testsuite hostname="Braces" failures="0" tests="4" name="braces.dao.SanPhamDAOTest" time="0.048" errors="0" timestamp="2026-03-03T23:09:09 GMT+07:00" skipped="0">
  <testcase classname="braces.dao.SanPhamDAOTest" name="testFindAll_Retrieve" time="0.014"/>
  <testcase classname="braces.dao.SanPhamDAOTest" name="testDeleteById" time="0.031"/>
  <testcase classname="braces.dao.SanPhamDAOTest" name="testSave_NewProduct" time="0.002"/>
  <testcase classname="braces.dao.SanPhamDAOTest" name="testFindByKhuVuc_Filter" time="0.001"/>
</testsuite> <!-- braces.dao.SanPhamDAOTest -->
