<?xml version="1.0" encoding="UTF-8"?>
<!-- Generated by org.testng.reporters.JUnitReportReporter -->
<testsuite hostname="Braces" failures="0" tests="14" name="braces.util.ValidationTest" time="0.002" errors="0" timestamp="2026-03-03T22:59:00 GMT+07:00" skipped="0">
  <testcase classname="braces.util.ValidationTest" name="testIsEmpty_Valid" time="0.001"/>
  <testcase classname="braces.util.ValidationTest" name="testIsPassword_TooShort" time="0.000"/>
  <testcase classname="braces.util.ValidationTest" name="testIsPhoneNumber_Valid10Digits" time="0.000"/>
  <testcase classname="braces.util.ValidationTest" name="testIsEmail_Invalid" time="0.000"/>
  <testcase classname="braces.util.ValidationTest" name="testIsEmail_Valid" time="0.000"/>
  <testcase classname="braces.util.ValidationTest" name="testIsPassword_NoDigit" time="0.001"/>
  <testcase classname="braces.util.ValidationTest" name="testIsEmpty_Whitespace" time="0.000"/>
  <testcase classname="braces.util.ValidationTest" name="testIsNumber_InvalidString" time="0.000"/>
  <testcase classname="braces.util.ValidationTest" name="testIsPassword_Valid" time="0.000"/>
  <testcase classname="braces.util.ValidationTest" name="testIsPhoneNumber_InvalidLength" time="0.000"/>
  <testcase classname="braces.util.ValidationTest" name="testIsEmpty_NullInput" time="0.000"/>
  <testcase classname="braces.util.ValidationTest" name="testIsNumber_Negative" time="0.000"/>
  <testcase classname="braces.util.ValidationTest" name="testIsEmpty_Null" time="0.000"/>
  <testcase classname="braces.util.ValidationTest" name="testIsNumber_Valid" time="0.000"/>
</testsuite> <!-- braces.util.ValidationTest -->
